{"/home/runner/work/BuildFlow/BuildFlow/frontend/src/App.tsx": {"path":"/home/runner/work/BuildFlow/BuildFlow/frontend/src/App.tsx","statementMap":{"0":{"start":{"line":18,"column":2},"end":{"line":22,"column":null}}},"fnMap":{"0":{"name":"App","decl":{"start":{"line":17,"column":9},"end":{"line":17,"column":12}},"loc":{"start":{"line":17,"column":12},"end":{"line":23,"column":1}}}},"branchMap":{},"s":{"0":0},"f":{"0":0},"b":{}}
,"/home/runner/work/BuildFlow/BuildFlow/frontend/src/components/address/AddressFields.tsx": {"path":"/home/runner/work/BuildFlow/BuildFlow/frontend/src/components/address/AddressFields.tsx","statementMap":{"0":{"start":{"line":22,"column":63},"end":{"line":49,"column":null}},"1":{"start":{"line":31,"column":2},"end":{"line":48,"column":null}},"2":{"start":{"line":39,"column":23},"end":{"line":39,"column":47}},"3":{"start":{"line":45,"column":10},"end":{"line":45,"column":25}},"4":{"start":{"line":57,"column":67},"end":{"line":84,"column":null}},"5":{"start":{"line":66,"column":2},"end":{"line":83,"column":null}},"6":{"start":{"line":74,"column":23},"end":{"line":74,"column":47}},"7":{"start":{"line":80,"column":10},"end":{"line":80,"column":25}},"8":{"start":{"line":92,"column":63},"end":{"line":119,"column":null}},"9":{"start":{"line":101,"column":2},"end":{"line":118,"column":null}},"10":{"start":{"line":109,"column":23},"end":{"line":109,"column":47}},"11":{"start":{"line":115,"column":10},"end":{"line":115,"column":25}},"12":{"start":{"line":127,"column":51},"end":{"line":154,"column":null}},"13":{"start":{"line":136,"column":2},"end":{"line":153,"column":null}},"14":{"start":{"line":144,"column":23},"end":{"line":144,"column":47}},"15":{"start":{"line":150,"column":10},"end":{"line":150,"column":25}},"16":{"start":{"line":162,"column":69},"end":{"line":189,"column":null}},"17":{"start":{"line":171,"column":2},"end":{"line":188,"column":null}},"18":{"start":{"line":179,"column":23},"end":{"line":179,"column":47}},"19":{"start":{"line":185,"column":10},"end":{"line":185,"column":25}},"20":{"start":{"line":197,"column":63},"end":{"line":224,"column":null}},"21":{"start":{"line":206,"column":2},"end":{"line":223,"column":null}},"22":{"start":{"line":214,"column":23},"end":{"line":214,"column":47}},"23":{"start":{"line":220,"column":10},"end":{"line":220,"column":25}},"24":{"start":{"line":232,"column":57},"end":{"line":259,"column":null}},"25":{"start":{"line":241,"column":2},"end":{"line":258,"column":null}},"26":{"start":{"line":249,"column":23},"end":{"line":249,"column":47}},"27":{"start":{"line":255,"column":10},"end":{"line":255,"column":25}},"28":{"start":{"line":283,"column":52},"end":{"line":362,"column":1}},"29":{"start":{"line":292,"column":2},"end":{"line":361,"column":4}},"30":{"start":{"line":306,"column":31},"end":{"line":306,"column":67}},"31":{"start":{"line":313,"column":31},"end":{"line":313,"column":69}},"32":{"start":{"line":322,"column":29},"end":{"line":322,"column":65}},"33":{"start":{"line":331,"column":31},"end":{"line":331,"column":61}},"34":{"start":{"line":338,"column":31},"end":{"line":338,"column":72}},"35":{"start":{"line":348,"column":31},"end":{"line":348,"column":72}},"36":{"start":{"line":355,"column":31},"end":{"line":355,"column":64}}},"fnMap":{"0":{"name":"(anonymous_0)","decl":{"start":{"line":22,"column":63},"end":{"line":22,"column":64}},"loc":{"start":{"line":31,"column":2},"end":{"line":48,"column":null}}},"1":{"name":"(anonymous_1)","decl":{"start":{"line":39,"column":16},"end":{"line":39,"column":17}},"loc":{"start":{"line":39,"column":23},"end":{"line":39,"column":47}}},"2":{"name":"(anonymous_2)","decl":{"start":{"line":44,"column":20},"end":{"line":44,"column":21}},"loc":{"start":{"line":45,"column":10},"end":{"line":45,"column":25}}},"3":{"name":"(anonymous_3)","decl":{"start":{"line":57,"column":67},"end":{"line":57,"column":68}},"loc":{"start":{"line":66,"column":2},"end":{"line":83,"column":null}}},"4":{"name":"(anonymous_4)","decl":{"start":{"line":74,"column":16},"end":{"line":74,"column":17}},"loc":{"start":{"line":74,"column":23},"end":{"line":74,"column":47}}},"5":{"name":"(anonymous_5)","decl":{"start":{"line":79,"column":20},"end":{"line":79,"column":21}},"loc":{"start":{"line":80,"column":10},"end":{"line":80,"column":25}}},"6":{"name":"(anonymous_6)","decl":{"start":{"line":92,"column":63},"end":{"line":92,"column":64}},"loc":{"start":{"line":101,"column":2},"end":{"line":118,"column":null}}},"7":{"name":"(anonymous_7)","decl":{"start":{"line":109,"column":16},"end":{"line":109,"column":17}},"loc":{"start":{"line":109,"column":23},"end":{"line":109,"column":47}}},"8":{"name":"(anonymous_8)","decl":{"start":{"line":114,"column":20},"end":{"line":114,"column":21}},"loc":{"start":{"line":115,"column":10},"end":{"line":115,"column":25}}},"9":{"name":"(anonymous_9)","decl":{"start":{"line":127,"column":51},"end":{"line":127,"column":52}},"loc":{"start":{"line":136,"column":2},"end":{"line":153,"column":null}}},"10":{"name":"(anonymous_10)","decl":{"start":{"line":144,"column":16},"end":{"line":144,"column":17}},"loc":{"start":{"line":144,"column":23},"end":{"line":144,"column":47}}},"11":{"name":"(anonymous_11)","decl":{"start":{"line":149,"column":20},"end":{"line":149,"column":21}},"loc":{"start":{"line":150,"column":10},"end":{"line":150,"column":25}}},"12":{"name":"(anonymous_12)","decl":{"start":{"line":162,"column":69},"end":{"line":162,"column":70}},"loc":{"start":{"line":171,"column":2},"end":{"line":188,"column":null}}},"13":{"name":"(anonymous_13)","decl":{"start":{"line":179,"column":16},"end":{"line":179,"column":17}},"loc":{"start":{"line":179,"column":23},"end":{"line":179,"column":47}}},"14":{"name":"(anonymous_14)","decl":{"start":{"line":184,"column":20},"end":{"line":184,"column":21}},"loc":{"start":{"line":185,"column":10},"end":{"line":185,"column":25}}},"15":{"name":"(anonymous_15)","decl":{"start":{"line":197,"column":63},"end":{"line":197,"column":64}},"loc":{"start":{"line":206,"column":2},"end":{"line":223,"column":null}}},"16":{"name":"(anonymous_16)","decl":{"start":{"line":214,"column":16},"end":{"line":214,"column":17}},"loc":{"start":{"line":214,"column":23},"end":{"line":214,"column":47}}},"17":{"name":"(anonymous_17)","decl":{"start":{"line":219,"column":20},"end":{"line":219,"column":21}},"loc":{"start":{"line":220,"column":10},"end":{"line":220,"column":25}}},"18":{"name":"(anonymous_18)","decl":{"start":{"line":232,"column":57},"end":{"line":232,"column":58}},"loc":{"start":{"line":241,"column":2},"end":{"line":258,"column":null}}},"19":{"name":"(anonymous_19)","decl":{"start":{"line":249,"column":16},"end":{"line":249,"column":17}},"loc":{"start":{"line":249,"column":23},"end":{"line":249,"column":47}}},"20":{"name":"(anonymous_20)","decl":{"start":{"line":254,"column":20},"end":{"line":254,"column":21}},"loc":{"start":{"line":255,"column":10},"end":{"line":255,"column":25}}},"21":{"name":"(anonymous_21)","decl":{"start":{"line":283,"column":52},"end":{"line":283,"column":53}},"loc":{"start":{"line":291,"column":5},"end":{"line":362,"column":1}}},"22":{"name":"(anonymous_22)","decl":{"start":{"line":306,"column":20},"end":{"line":306,"column":21}},"loc":{"start":{"line":306,"column":31},"end":{"line":306,"column":67}}},"23":{"name":"(anonymous_23)","decl":{"start":{"line":313,"column":20},"end":{"line":313,"column":21}},"loc":{"start":{"line":313,"column":31},"end":{"line":313,"column":69}}},"24":{"name":"(anonymous_24)","decl":{"start":{"line":322,"column":18},"end":{"line":322,"column":19}},"loc":{"start":{"line":322,"column":29},"end":{"line":322,"column":65}}},"25":{"name":"(anonymous_25)","decl":{"start":{"line":331,"column":20},"end":{"line":331,"column":21}},"loc":{"start":{"line":331,"column":31},"end":{"line":331,"column":61}}},"26":{"name":"(anonymous_26)","decl":{"start":{"line":338,"column":20},"end":{"line":338,"column":21}},"loc":{"start":{"line":338,"column":31},"end":{"line":338,"column":72}}},"27":{"name":"(anonymous_27)","decl":{"start":{"line":348,"column":20},"end":{"line":348,"column":21}},"loc":{"start":{"line":348,"column":31},"end":{"line":348,"column":72}}},"28":{"name":"(anonymous_28)","decl":{"start":{"line":355,"column":20},"end":{"line":355,"column":21}},"loc":{"start":{"line":355,"column":31},"end":{"line":355,"column":64}}}},"branchMap":{"0":{"loc":{"start":{"line":23,"column":2},"end":{"line":23,"column":19}},"type":"default-arg","locations":[{"start":{"line":23,"column":7},"end":{"line":23,"column":19}}]},"1":{"loc":{"start":{"line":26,"column":2},"end":{"line":26,"column":18}},"type":"default-arg","locations":[{"start":{"line":26,"column":13},"end":{"line":26,"column":18}}]},"2":{"loc":{"start":{"line":27,"column":2},"end":{"line":27,"column":16}},"type":"default-arg","locations":[{"start":{"line":27,"column":14},"end":{"line":27,"column":16}}]},"3":{"loc":{"start":{"line":28,"column":2},"end":{"line":28,"column":13}},"type":"default-arg","locations":[{"start":{"line":28,"column":11},"end":{"line":28,"column":13}}]},"4":{"loc":{"start":{"line":29,"column":2},"end":{"line":29,"column":26}},"type":"default-arg","locations":[{"start":{"line":29,"column":16},"end":{"line":29,"column":26}}]},"5":{"loc":{"start":{"line":37,"column":17},"end":{"line":37,"column":75}},"type":"cond-expr","locations":[{"start":{"line":37,"column":33},"end":{"line":37,"column":70}},{"start":{"line":37,"column":73},"end":{"line":37,"column":75}}]},"6":{"loc":{"start":{"line":42,"column":5},"end":{"line":47,"column":null}},"type":"binary-expr","locations":[{"start":{"line":42,"column":5},"end":{"line":42,"column":22}},{"start":{"line":43,"column":6},"end":{"line":46,"column":null}}]},"7":{"loc":{"start":{"line":58,"column":2},"end":{"line":58,"column":21}},"type":"default-arg","locations":[{"start":{"line":58,"column":7},"end":{"line":58,"column":21}}]},"8":{"loc":{"start":{"line":61,"column":2},"end":{"line":61,"column":18}},"type":"default-arg","locations":[{"start":{"line":61,"column":13},"end":{"line":61,"column":18}}]},"9":{"loc":{"start":{"line":62,"column":2},"end":{"line":62,"column":16}},"type":"default-arg","locations":[{"start":{"line":62,"column":14},"end":{"line":62,"column":16}}]},"10":{"loc":{"start":{"line":63,"column":2},"end":{"line":63,"column":13}},"type":"default-arg","locations":[{"start":{"line":63,"column":11},"end":{"line":63,"column":13}}]},"11":{"loc":{"start":{"line":64,"column":2},"end":{"line":64,"column":21}},"type":"default-arg","locations":[{"start":{"line":64,"column":16},"end":{"line":64,"column":21}}]},"12":{"loc":{"start":{"line":72,"column":17},"end":{"line":72,"column":75}},"type":"cond-expr","locations":[{"start":{"line":72,"column":33},"end":{"line":72,"column":70}},{"start":{"line":72,"column":73},"end":{"line":72,"column":75}}]},"13":{"loc":{"start":{"line":77,"column":5},"end":{"line":82,"column":null}},"type":"binary-expr","locations":[{"start":{"line":77,"column":5},"end":{"line":77,"column":22}},{"start":{"line":78,"column":6},"end":{"line":81,"column":null}}]},"14":{"loc":{"start":{"line":93,"column":2},"end":{"line":93,"column":19}},"type":"default-arg","locations":[{"start":{"line":93,"column":7},"end":{"line":93,"column":19}}]},"15":{"loc":{"start":{"line":96,"column":2},"end":{"line":96,"column":18}},"type":"default-arg","locations":[{"start":{"line":96,"column":13},"end":{"line":96,"column":18}}]},"16":{"loc":{"start":{"line":97,"column":2},"end":{"line":97,"column":16}},"type":"default-arg","locations":[{"start":{"line":97,"column":14},"end":{"line":97,"column":16}}]},"17":{"loc":{"start":{"line":98,"column":2},"end":{"line":98,"column":13}},"type":"default-arg","locations":[{"start":{"line":98,"column":11},"end":{"line":98,"column":13}}]},"18":{"loc":{"start":{"line":99,"column":2},"end":{"line":99,"column":28}},"type":"default-arg","locations":[{"start":{"line":99,"column":16},"end":{"line":99,"column":28}}]},"19":{"loc":{"start":{"line":107,"column":17},"end":{"line":107,"column":75}},"type":"cond-expr","locations":[{"start":{"line":107,"column":33},"end":{"line":107,"column":70}},{"start":{"line":107,"column":73},"end":{"line":107,"column":75}}]},"20":{"loc":{"start":{"line":112,"column":5},"end":{"line":117,"column":null}},"type":"binary-expr","locations":[{"start":{"line":112,"column":5},"end":{"line":112,"column":22}},{"start":{"line":113,"column":6},"end":{"line":116,"column":null}}]},"21":{"loc":{"start":{"line":128,"column":2},"end":{"line":128,"column":13}},"type":"default-arg","locations":[{"start":{"line":128,"column":7},"end":{"line":128,"column":13}}]},"22":{"loc":{"start":{"line":131,"column":2},"end":{"line":131,"column":18}},"type":"default-arg","locations":[{"start":{"line":131,"column":13},"end":{"line":131,"column":18}}]},"23":{"loc":{"start":{"line":132,"column":2},"end":{"line":132,"column":16}},"type":"default-arg","locations":[{"start":{"line":132,"column":14},"end":{"line":132,"column":16}}]},"24":{"loc":{"start":{"line":133,"column":2},"end":{"line":133,"column":13}},"type":"default-arg","locations":[{"start":{"line":133,"column":11},"end":{"line":133,"column":13}}]},"25":{"loc":{"start":{"line":134,"column":2},"end":{"line":134,"column":25}},"type":"default-arg","locations":[{"start":{"line":134,"column":16},"end":{"line":134,"column":25}}]},"26":{"loc":{"start":{"line":142,"column":17},"end":{"line":142,"column":75}},"type":"cond-expr","locations":[{"start":{"line":142,"column":33},"end":{"line":142,"column":70}},{"start":{"line":142,"column":73},"end":{"line":142,"column":75}}]},"27":{"loc":{"start":{"line":147,"column":5},"end":{"line":152,"column":null}},"type":"binary-expr","locations":[{"start":{"line":147,"column":5},"end":{"line":147,"column":22}},{"start":{"line":148,"column":6},"end":{"line":151,"column":null}}]},"28":{"loc":{"start":{"line":163,"column":2},"end":{"line":163,"column":24}},"type":"default-arg","locations":[{"start":{"line":163,"column":7},"end":{"line":163,"column":24}}]},"29":{"loc":{"start":{"line":166,"column":2},"end":{"line":166,"column":18}},"type":"default-arg","locations":[{"start":{"line":166,"column":13},"end":{"line":166,"column":18}}]},"30":{"loc":{"start":{"line":167,"column":2},"end":{"line":167,"column":16}},"type":"default-arg","locations":[{"start":{"line":167,"column":14},"end":{"line":167,"column":16}}]},"31":{"loc":{"start":{"line":168,"column":2},"end":{"line":168,"column":13}},"type":"default-arg","locations":[{"start":{"line":168,"column":11},"end":{"line":168,"column":13}}]},"32":{"loc":{"start":{"line":169,"column":2},"end":{"line":169,"column":20}},"type":"default-arg","locations":[{"start":{"line":169,"column":16},"end":{"line":169,"column":20}}]},"33":{"loc":{"start":{"line":177,"column":17},"end":{"line":177,"column":75}},"type":"cond-expr","locations":[{"start":{"line":177,"column":33},"end":{"line":177,"column":70}},{"start":{"line":177,"column":73},"end":{"line":177,"column":75}}]},"34":{"loc":{"start":{"line":182,"column":5},"end":{"line":187,"column":null}},"type":"binary-expr","locations":[{"start":{"line":182,"column":5},"end":{"line":182,"column":22}},{"start":{"line":183,"column":6},"end":{"line":186,"column":null}}]},"35":{"loc":{"start":{"line":198,"column":2},"end":{"line":198,"column":24}},"type":"default-arg","locations":[{"start":{"line":198,"column":7},"end":{"line":198,"column":24}}]},"36":{"loc":{"start":{"line":201,"column":2},"end":{"line":201,"column":18}},"type":"default-arg","locations":[{"start":{"line":201,"column":13},"end":{"line":201,"column":18}}]},"37":{"loc":{"start":{"line":202,"column":2},"end":{"line":202,"column":16}},"type":"default-arg","locations":[{"start":{"line":202,"column":14},"end":{"line":202,"column":16}}]},"38":{"loc":{"start":{"line":203,"column":2},"end":{"line":203,"column":13}},"type":"default-arg","locations":[{"start":{"line":203,"column":11},"end":{"line":203,"column":13}}]},"39":{"loc":{"start":{"line":204,"column":2},"end":{"line":204,"column":25}},"type":"default-arg","locations":[{"start":{"line":204,"column":16},"end":{"line":204,"column":25}}]},"40":{"loc":{"start":{"line":212,"column":17},"end":{"line":212,"column":75}},"type":"cond-expr","locations":[{"start":{"line":212,"column":33},"end":{"line":212,"column":70}},{"start":{"line":212,"column":73},"end":{"line":212,"column":75}}]},"41":{"loc":{"start":{"line":217,"column":5},"end":{"line":222,"column":null}},"type":"binary-expr","locations":[{"start":{"line":217,"column":5},"end":{"line":217,"column":22}},{"start":{"line":218,"column":6},"end":{"line":221,"column":null}}]},"42":{"loc":{"start":{"line":233,"column":2},"end":{"line":233,"column":16}},"type":"default-arg","locations":[{"start":{"line":233,"column":7},"end":{"line":233,"column":16}}]},"43":{"loc":{"start":{"line":236,"column":2},"end":{"line":236,"column":18}},"type":"default-arg","locations":[{"start":{"line":236,"column":13},"end":{"line":236,"column":18}}]},"44":{"loc":{"start":{"line":237,"column":2},"end":{"line":237,"column":16}},"type":"default-arg","locations":[{"start":{"line":237,"column":14},"end":{"line":237,"column":16}}]},"45":{"loc":{"start":{"line":238,"column":2},"end":{"line":238,"column":13}},"type":"default-arg","locations":[{"start":{"line":238,"column":11},"end":{"line":238,"column":13}}]},"46":{"loc":{"start":{"line":239,"column":2},"end":{"line":239,"column":24}},"type":"default-arg","locations":[{"start":{"line":239,"column":16},"end":{"line":239,"column":24}}]},"47":{"loc":{"start":{"line":247,"column":17},"end":{"line":247,"column":75}},"type":"cond-expr","locations":[{"start":{"line":247,"column":33},"end":{"line":247,"column":70}},{"start":{"line":247,"column":73},"end":{"line":247,"column":75}}]},"48":{"loc":{"start":{"line":252,"column":5},"end":{"line":257,"column":null}},"type":"binary-expr","locations":[{"start":{"line":252,"column":5},"end":{"line":252,"column":22}},{"start":{"line":253,"column":6},"end":{"line":256,"column":null}}]},"49":{"loc":{"start":{"line":286,"column":2},"end":{"line":286,"column":13}},"type":"default-arg","locations":[{"start":{"line":286,"column":11},"end":{"line":286,"column":13}}]},"50":{"loc":{"start":{"line":287,"column":2},"end":{"line":287,"column":18}},"type":"default-arg","locations":[{"start":{"line":287,"column":13},"end":{"line":287,"column":18}}]},"51":{"loc":{"start":{"line":288,"column":2},"end":{"line":288,"column":16}},"type":"default-arg","locations":[{"start":{"line":288,"column":14},"end":{"line":288,"column":16}}]},"52":{"loc":{"start":{"line":289,"column":2},"end":{"line":289,"column":19}},"type":"default-arg","locations":[{"start":{"line":289,"column":15},"end":{"line":289,"column":19}}]},"53":{"loc":{"start":{"line":290,"column":2},"end":{"line":290,"column":33}},"type":"default-arg","locations":[{"start":{"line":290,"column":15},"end":{"line":290,"column":33}}]},"54":{"loc":{"start":{"line":295,"column":7},"end":{"line":299,"column":null}},"type":"binary-expr","locations":[{"start":{"line":295,"column":7},"end":{"line":295,"column":17}},{"start":{"line":296,"column":8},"end":{"line":298,"column":null}}]},"55":{"loc":{"start":{"line":305,"column":17},"end":{"line":305,"column":45}},"type":"binary-expr","locations":[{"start":{"line":305,"column":17},"end":{"line":305,"column":39}},{"start":{"line":305,"column":43},"end":{"line":305,"column":45}}]},"56":{"loc":{"start":{"line":312,"column":17},"end":{"line":312,"column":47}},"type":"binary-expr","locations":[{"start":{"line":312,"column":17},"end":{"line":312,"column":41}},{"start":{"line":312,"column":45},"end":{"line":312,"column":47}}]},"57":{"loc":{"start":{"line":347,"column":17},"end":{"line":347,"column":50}},"type":"binary-expr","locations":[{"start":{"line":347,"column":17},"end":{"line":347,"column":44}},{"start":{"line":347,"column":48},"end":{"line":347,"column":50}}]}},"s":{"0":0,"1":0,"2":0,"3":0,"4":0,"5":0,"6":0,"7":0,"8":0,"9":0,"10":0,"11":0,"12":0,"13":0,"14":0,"15":0,"16":0,"17":0,"18":0,"19":0,"20":0,"21":0,"22":0,"23":0,"24":0,"25":0,"26":0,"27":0,"28":0,"29":0,"30":0,"31":0,"32":0,"33":0,"34":0,"35":0,"36":0},"f":{"0":0,"1":0,"2":0,"3":0,"4":0,"5":0,"6":0,"7":0,"8":0,"9":0,"10":0,"11":0,"12":0,"13":0,"14":0,"15":0,"16":0,"17":0,"18":0,"19":0,"20":0,"21":0,"22":0,"23":0,"24":0,"25":0,"26":0,"27":0,"28":0},"b":{"0":[0],"1":[0],"2":[0],"3":[0],"4":[0],"5":[0,0],"6":[0,0],"7":[0],"8":[0],"9":[0],"10":[0],"11":[0],"12":[0,0],"13":[0,0],"14":[0],"15":[0],"16":[0],"17":[0],"18":[0],"19":[0,0],"20":[0,0],"21":[0],"22":[0],"23":[0],"24":[0],"25":[0],"26":[0,0],"27":[0,0],"28":[0],"29":[0],"30":[0],"31":[0],"32":[0],"33":[0,0],"34":[0,0],"35":[0],"36":[0],"37":[0],"38":[0],"39":[0],"40":[0,0],"41":[0,0],"42":[0],"43":[0],"44":[0],"45":[0],"46":[0],"47":[0,0],"48":[0,0],"49":[0],"50":[0],"51":[0],"52":[0],"53":[0],"54":[0,0],"55":[0,0],"56":[0,0],"57":[0,0]}}
,"/home/runner/work/BuildFlow/BuildFlow/frontend/src/components/admin/UserDetailsDrawer.tsx": {"path":"/home/runner/work/BuildFlow/BuildFlow/frontend/src/components/admin/UserDetailsDrawer.tsx","statementMap":{"0":{"start":{"line":35,"column":60},"end":{"line":251,"column":1}},"1":{"start":{"line":41,"column":4},"end":{"line":43,"column":5}},"2":{"start":{"line":42,"column":8},"end":{"line":42,"column":20}},"3":{"start":{"line":45,"column":41},"end":{"line":45,"column":52}},"4":{"start":{"line":46,"column":23},"end":{"line":55,"column":5}},"5":{"start":{"line":47,"column":8},"end":{"line":47,"column":40}},"6":{"start":{"line":47,"column":25},"end":{"line":47,"column":40}},"7":{"start":{"line":48,"column":8},"end":{"line":54,"column":11}},"8":{"start":{"line":57,"column":30},"end":{"line":70,"column":5}},"9":{"start":{"line":58,"column":8},"end":{"line":69,"column":9}},"10":{"start":{"line":60,"column":16},"end":{"line":60,"column":96}},"11":{"start":{"line":62,"column":16},"end":{"line":62,"column":93}},"12":{"start":{"line":64,"column":16},"end":{"line":64,"column":98}},"13":{"start":{"line":66,"column":16},"end":{"line":66,"column":90}},"14":{"start":{"line":68,"column":16},"end":{"line":68,"column":96}},"15":{"start":{"line":72,"column":32},"end":{"line":76,"column":5}},"16":{"start":{"line":73,"column":8},"end":{"line":75,"column":99}},"17":{"start":{"line":78,"column":27},"end":{"line":78,"column":69}},"18":{"start":{"line":79,"column":29},"end":{"line":79,"column":76}},"19":{"start":{"line":80,"column":21},"end":{"line":80,"column":40}},"20":{"start":{"line":81,"column":23},"end":{"line":81,"column":44}},"21":{"start":{"line":83,"column":4},"end":{"line":250,"column":6}},"22":{"start":{"line":177,"column":52},"end":{"line":177,"column":71}}},"fnMap":{"0":{"name":"(anonymous_0)","decl":{"start":{"line":35,"column":60},"end":{"line":35,"column":61}},"loc":{"start":{"line":39,"column":5},"end":{"line":251,"column":1}}},"1":{"name":"(anonymous_1)","decl":{"start":{"line":46,"column":23},"end":{"line":46,"column":24}},"loc":{"start":{"line":46,"column":47},"end":{"line":55,"column":5}}},"2":{"name":"(anonymous_2)","decl":{"start":{"line":57,"column":30},"end":{"line":57,"column":31}},"loc":{"start":{"line":57,"column":47},"end":{"line":70,"column":5}}},"3":{"name":"(anonymous_3)","decl":{"start":{"line":72,"column":32},"end":{"line":72,"column":33}},"loc":{"start":{"line":72,"column":53},"end":{"line":76,"column":5}}},"4":{"name":"(anonymous_4)","decl":{"start":{"line":176,"column":76},"end":{"line":176,"column":77}},"loc":{"start":{"line":177,"column":52},"end":{"line":177,"column":71}}}},"branchMap":{"0":{"loc":{"start":{"line":41,"column":4},"end":{"line":43,"column":5}},"type":"if","locations":[{"start":{"line":41,"column":4},"end":{"line":43,"column":5}},{"start":{},"end":{}}]},"1":{"loc":{"start":{"line":47,"column":8},"end":{"line":47,"column":40}},"type":"if","locations":[{"start":{"line":47,"column":8},"end":{"line":47,"column":40}},{"start":{},"end":{}}]},"2":{"loc":{"start":{"line":58,"column":8},"end":{"line":69,"column":9}},"type":"switch","locations":[{"start":{"line":59,"column":12},"end":{"line":60,"column":96}},{"start":{"line":61,"column":12},"end":{"line":62,"column":93}},{"start":{"line":63,"column":12},"end":{"line":64,"column":98}},{"start":{"line":65,"column":12},"end":{"line":66,"column":90}},{"start":{"line":67,"column":12},"end":{"line":68,"column":96}}]},"3":{"loc":{"start":{"line":73,"column":15},"end":{"line":75,"column":98}},"type":"cond-expr","locations":[{"start":{"line":74,"column":14},"end":{"line":74,"column":104}},{"start":{"line":75,"column":14},"end":{"line":75,"column":98}}]},"4":{"loc":{"start":{"line":93,"column":33},"end":{"line":93,"column":115}},"type":"cond-expr","locations":[{"start":{"line":93,"column":40},"end":{"line":93,"column":98}},{"start":{"line":93,"column":101},"end":{"line":93,"column":115}}]},"5":{"loc":{"start":{"line":105,"column":35},"end":{"line":105,"column":85}},"type":"cond-expr","locations":[{"start":{"line":105,"column":64},"end":{"line":105,"column":72}},{"start":{"line":105,"column":75},"end":{"line":105,"column":85}}]},"6":{"loc":{"start":{"line":116,"column":21},"end":{"line":186,"column":null}},"type":"binary-expr","locations":[{"start":{"line":116,"column":21},"end":{"line":116,"column":25}},{"start":{"line":117,"column":24},"end":{"line":185,"column":null}}]},"7":{"loc":{"start":{"line":133,"column":33},"end":{"line":140,"column":null}},"type":"binary-expr","locations":[{"start":{"line":133,"column":33},"end":{"line":133,"column":54}},{"start":{"line":134,"column":36},"end":{"line":139,"column":null}}]},"8":{"loc":{"start":{"line":144,"column":33},"end":{"line":166,"column":null}},"type":"binary-expr","locations":[{"start":{"line":144,"column":33},"end":{"line":144,"column":59}},{"start":{"line":145,"column":36},"end":{"line":165,"column":null}}]},"9":{"loc":{"start":{"line":150,"column":49},"end":{"line":151,"column":null}},"type":"binary-expr","locations":[{"start":{"line":150,"column":49},"end":{"line":150,"column":86}},{"start":{"line":151,"column":52},"end":{"line":151,"column":97}}]},"10":{"loc":{"start":{"line":153,"column":49},"end":{"line":154,"column":null}},"type":"binary-expr","locations":[{"start":{"line":153,"column":49},"end":{"line":153,"column":88}},{"start":{"line":154,"column":52},"end":{"line":154,"column":99}}]},"11":{"loc":{"start":{"line":159,"column":49},"end":{"line":160,"column":null}},"type":"binary-expr","locations":[{"start":{"line":159,"column":49},"end":{"line":159,"column":91}},{"start":{"line":160,"column":52},"end":{"line":160,"column":102}}]},"12":{"loc":{"start":{"line":170,"column":33},"end":{"line":183,"column":null}},"type":"binary-expr","locations":[{"start":{"line":170,"column":33},"end":{"line":170,"column":55}},{"start":{"line":170,"column":59},"end":{"line":170,"column":92}},{"start":{"line":171,"column":36},"end":{"line":182,"column":null}}]},"13":{"loc":{"start":{"line":225,"column":21},"end":{"line":245,"column":null}},"type":"binary-expr","locations":[{"start":{"line":225,"column":21},"end":{"line":225,"column":25}},{"start":{"line":226,"column":24},"end":{"line":244,"column":null}}]},"14":{"loc":{"start":{"line":240,"column":45},"end":{"line":240,"column":106}},"type":"cond-expr","locations":[{"start":{"line":240,"column":63},"end":{"line":240,"column":81}},{"start":{"line":240,"column":84},"end":{"line":240,"column":106}}]}},"s":{"0":0,"1":0,"2":0,"3":0,"4":0,"5":0,"6":0,"7":0,"8":0,"9":0,"10":0,"11":0,"12":0,"13":0,"14":0,"15":0,"16":0,"17":0,"18":0,"19":0,"20":0,"21":0,"22":0},"f":{"0":0,"1":0,"2":0,"3":0,"4":0},"b":{"0":[0,0],"1":[0,0],"2":[0,0,0,0,0],"3":[0,0],"4":[0,0],"5":[0,0],"6":[0,0],"7":[0,0],"8":[0,0],"9":[0,0],"10":[0,0],"11":[0,0],"12":[0,0,0],"13":[0,0],"14":[0,0]}}
,"/home/runner/work/BuildFlow/BuildFlow/frontend/src/components/admin/Users.tsx": {"path":"/home/runner/work/BuildFlow/BuildFlow/frontend/src/components/admin/Users.tsx","statementMap":{"0":{"start":{"line":42,"column":24},"end":{"line":494,"column":1}},"1":{"start":{"line":43,"column":32},"end":{"line":43,"column":46}},"2":{"start":{"line":44,"column":30},"end":{"line":44,"column":57}},"3":{"start":{"line":45,"column":30},"end":{"line":45,"column":62}},"4":{"start":{"line":46,"column":34},"end":{"line":46,"column":48}},"5":{"start":{"line":47,"column":30},"end":{"line":47,"column":59}},"6":{"start":{"line":48,"column":40},"end":{"line":48,"column":52}},"7":{"start":{"line":49,"column":44},"end":{"line":49,"column":78}},"8":{"start":{"line":50,"column":44},"end":{"line":50,"column":59}},"9":{"start":{"line":53,"column":22},"end":{"line":53,"column":31}},"10":{"start":{"line":54,"column":25},"end":{"line":54,"column":62}},"11":{"start":{"line":54,"column":56},"end":{"line":54,"column":61}},"12":{"start":{"line":57,"column":21},"end":{"line":57,"column":56}},"13":{"start":{"line":60,"column":26},"end":{"line":86,"column":27}},"14":{"start":{"line":61,"column":8},"end":{"line":61,"column":45}},"15":{"start":{"line":61,"column":32},"end":{"line":61,"column":45}},"16":{"start":{"line":63,"column":23},"end":{"line":63,"column":47}},"17":{"start":{"line":64,"column":8},"end":{"line":85,"column":11}},"18":{"start":{"line":65,"column":49},"end":{"line":65,"column":60}},"19":{"start":{"line":68,"column":12},"end":{"line":68,"column":50}},"20":{"start":{"line":68,"column":37},"end":{"line":68,"column":50}},"21":{"start":{"line":71,"column":12},"end":{"line":71,"column":89}},"22":{"start":{"line":71,"column":77},"end":{"line":71,"column":89}},"23":{"start":{"line":74,"column":12},"end":{"line":79,"column":13}},"24":{"start":{"line":75,"column":33},"end":{"line":75,"column":105}},"25":{"start":{"line":76,"column":16},"end":{"line":76,"column":59}},"26":{"start":{"line":76,"column":47},"end":{"line":76,"column":59}},"27":{"start":{"line":77,"column":16},"end":{"line":77,"column":87}},"28":{"start":{"line":77,"column":75},"end":{"line":77,"column":87}},"29":{"start":{"line":78,"column":16},"end":{"line":78,"column":87}},"30":{"start":{"line":78,"column":75},"end":{"line":78,"column":87}},"31":{"start":{"line":82,"column":12},"end":{"line":82,"column":85}},"32":{"start":{"line":82,"column":73},"end":{"line":82,"column":85}},"33":{"start":{"line":84,"column":12},"end":{"line":84,"column":25}},"34":{"start":{"line":89,"column":4},"end":{"line":91,"column":11}},"35":{"start":{"line":90,"column":8},"end":{"line":90,"column":23}},"36":{"start":{"line":93,"column":25},"end":{"line":112,"column":5}},"37":{"start":{"line":94,"column":8},"end":{"line":111,"column":9}},"38":{"start":{"line":95,"column":12},"end":{"line":95,"column":29}},"39":{"start":{"line":96,"column":12},"end":{"line":96,"column":27}},"40":{"start":{"line":99,"column":36},"end":{"line":99,"column":74}},"41":{"start":{"line":102,"column":30},"end":{"line":102,"column":78}},"42":{"start":{"line":104,"column":12},"end":{"line":104,"column":38}},"43":{"start":{"line":105,"column":12},"end":{"line":105,"column":32}},"44":{"start":{"line":107,"column":12},"end":{"line":107,"column":60}},"45":{"start":{"line":108,"column":12},"end":{"line":108,"column":86}},"46":{"start":{"line":110,"column":12},"end":{"line":110,"column":30}},"47":{"start":{"line":114,"column":27},"end":{"line":117,"column":5}},"48":{"start":{"line":115,"column":8},"end":{"line":115,"column":37}},"49":{"start":{"line":116,"column":8},"end":{"line":116,"column":30}},"50":{"start":{"line":119,"column":23},"end":{"line":128,"column":5}},"51":{"start":{"line":120,"column":8},"end":{"line":120,"column":40}},"52":{"start":{"line":120,"column":25},"end":{"line":120,"column":40}},"53":{"start":{"line":121,"column":8},"end":{"line":127,"column":11}},"54":{"start":{"line":130,"column":30},"end":{"line":145,"column":5}},"55":{"start":{"line":131,"column":8},"end":{"line":131,"column":75}},"56":{"start":{"line":131,"column":19},"end":{"line":131,"column":75}},"57":{"start":{"line":133,"column":8},"end":{"line":144,"column":9}},"58":{"start":{"line":135,"column":16},"end":{"line":135,"column":71}},"59":{"start":{"line":137,"column":16},"end":{"line":137,"column":65}},"60":{"start":{"line":139,"column":16},"end":{"line":139,"column":72}},"61":{"start":{"line":141,"column":16},"end":{"line":141,"column":64}},"62":{"start":{"line":143,"column":16},"end":{"line":143,"column":70}},"63":{"start":{"line":147,"column":32},"end":{"line":151,"column":5}},"64":{"start":{"line":148,"column":8},"end":{"line":150,"column":84}},"65":{"start":{"line":153,"column":4},"end":{"line":162,"column":5}},"66":{"start":{"line":154,"column":8},"end":{"line":161,"column":10}},"67":{"start":{"line":164,"column":4},"end":{"line":200,"column":5}},"68":{"start":{"line":165,"column":8},"end":{"line":199,"column":10}},"69":{"start":{"line":202,"column":4},"end":{"line":493,"column":6}},"70":{"start":{"line":326,"column":57},"end":{"line":326,"column":86}},"71":{"start":{"line":334,"column":55},"end":{"line":334,"column":72}},"72":{"start":{"line":361,"column":75},"end":{"line":361,"column":86}},"73":{"start":{"line":364,"column":40},"end":{"line":367,"column":41}},"74":{"start":{"line":365,"column":44},"end":{"line":365,"column":120}},"75":{"start":{"line":366,"column":44},"end":{"line":366,"column":56}},"76":{"start":{"line":369,"column":63},"end":{"line":369,"column":105}},"77":{"start":{"line":370,"column":65},"end":{"line":370,"column":112}},"78":{"start":{"line":371,"column":57},"end":{"line":371,"column":76}},"79":{"start":{"line":373,"column":40},"end":{"line":459,"column":42}},"80":{"start":{"line":379,"column":52},"end":{"line":381,"column":53}},"81":{"start":{"line":380,"column":56},"end":{"line":380,"column":84}},"82":{"start":{"line":451,"column":75},"end":{"line":451,"column":102}},"83":{"start":{"line":477,"column":31},"end":{"line":477,"column":53}}},"fnMap":{"0":{"name":"(anonymous_0)","decl":{"start":{"line":42,"column":24},"end":{"line":42,"column":27}},"loc":{"start":{"line":42,"column":29},"end":{"line":494,"column":1}}},"1":{"name":"(anonymous_1)","decl":{"start":{"line":54,"column":50},"end":{"line":54,"column":53}},"loc":{"start":{"line":54,"column":56},"end":{"line":54,"column":61}}},"2":{"name":"(anonymous_2)","decl":{"start":{"line":60,"column":34},"end":{"line":60,"column":37}},"loc":{"start":{"line":60,"column":39},"end":{"line":86,"column":5}}},"3":{"name":"(anonymous_3)","decl":{"start":{"line":64,"column":28},"end":{"line":64,"column":39}},"loc":{"start":{"line":64,"column":42},"end":{"line":85,"column":9}}},"4":{"name":"(anonymous_4)","decl":{"start":{"line":89,"column":14},"end":{"line":89,"column":17}},"loc":{"start":{"line":89,"column":19},"end":{"line":91,"column":5}}},"5":{"name":"(anonymous_5)","decl":{"start":{"line":93,"column":25},"end":{"line":93,"column":30}},"loc":{"start":{"line":93,"column":36},"end":{"line":112,"column":5}}},"6":{"name":"(anonymous_6)","decl":{"start":{"line":114,"column":27},"end":{"line":114,"column":28}},"loc":{"start":{"line":114,"column":56},"end":{"line":117,"column":5}}},"7":{"name":"(anonymous_7)","decl":{"start":{"line":119,"column":23},"end":{"line":119,"column":24}},"loc":{"start":{"line":119,"column":47},"end":{"line":128,"column":5}}},"8":{"name":"(anonymous_8)","decl":{"start":{"line":130,"column":30},"end":{"line":130,"column":31}},"loc":{"start":{"line":130,"column":48},"end":{"line":145,"column":5}}},"9":{"name":"(anonymous_9)","decl":{"start":{"line":147,"column":32},"end":{"line":147,"column":33}},"loc":{"start":{"line":147,"column":54},"end":{"line":151,"column":5}}},"10":{"name":"(anonymous_10)","decl":{"start":{"line":326,"column":50},"end":{"line":326,"column":51}},"loc":{"start":{"line":326,"column":57},"end":{"line":326,"column":86}}},"11":{"name":"(anonymous_11)","decl":{"start":{"line":334,"column":49},"end":{"line":334,"column":52}},"loc":{"start":{"line":334,"column":55},"end":{"line":334,"column":72}}},"12":{"name":"(anonymous_12)","decl":{"start":{"line":360,"column":55},"end":{"line":360,"column":56}},"loc":{"start":{"line":360,"column":71},"end":{"line":460,"column":37}}},"13":{"name":"(anonymous_13)","decl":{"start":{"line":377,"column":57},"end":{"line":377,"column":60}},"loc":{"start":{"line":377,"column":62},"end":{"line":382,"column":49}}},"14":{"name":"(anonymous_14)","decl":{"start":{"line":451,"column":69},"end":{"line":451,"column":72}},"loc":{"start":{"line":451,"column":75},"end":{"line":451,"column":102}}},"15":{"name":"(anonymous_15)","decl":{"start":{"line":477,"column":25},"end":{"line":477,"column":28}},"loc":{"start":{"line":477,"column":31},"end":{"line":477,"column":53}}}},"branchMap":{"0":{"loc":{"start":{"line":61,"column":8},"end":{"line":61,"column":45}},"type":"if","locations":[{"start":{"line":61,"column":8},"end":{"line":61,"column":45}},{"start":{},"end":{}}]},"1":{"loc":{"start":{"line":68,"column":12},"end":{"line":68,"column":50}},"type":"if","locations":[{"start":{"line":68,"column":12},"end":{"line":68,"column":50}},{"start":{},"end":{}}]},"2":{"loc":{"start":{"line":71,"column":12},"end":{"line":71,"column":89}},"type":"if","locations":[{"start":{"line":71,"column":12},"end":{"line":71,"column":89}},{"start":{},"end":{}}]},"3":{"loc":{"start":{"line":74,"column":12},"end":{"line":79,"column":13}},"type":"if","locations":[{"start":{"line":74,"column":12},"end":{"line":79,"column":13}},{"start":{},"end":{}}]},"4":{"loc":{"start":{"line":76,"column":16},"end":{"line":76,"column":59}},"type":"if","locations":[{"start":{"line":76,"column":16},"end":{"line":76,"column":59}},{"start":{},"end":{}}]},"5":{"loc":{"start":{"line":77,"column":16},"end":{"line":77,"column":87}},"type":"if","locations":[{"start":{"line":77,"column":16},"end":{"line":77,"column":87}},{"start":{},"end":{}}]},"6":{"loc":{"start":{"line":78,"column":16},"end":{"line":78,"column":87}},"type":"if","locations":[{"start":{"line":78,"column":16},"end":{"line":78,"column":87}},{"start":{},"end":{}}]},"7":{"loc":{"start":{"line":82,"column":12},"end":{"line":82,"column":85}},"type":"if","locations":[{"start":{"line":82,"column":12},"end":{"line":82,"column":85}},{"start":{},"end":{}}]},"8":{"loc":{"start":{"line":108,"column":21},"end":{"line":108,"column":84}},"type":"cond-expr","locations":[{"start":{"line":108,"column":44},"end":{"line":108,"column":55}},{"start":{"line":108,"column":58},"end":{"line":108,"column":84}}]},"9":{"loc":{"start":{"line":120,"column":8},"end":{"line":120,"column":40}},"type":"if","locations":[{"start":{"line":120,"column":8},"end":{"line":120,"column":40}},{"start":{},"end":{}}]},"10":{"loc":{"start":{"line":131,"column":8},"end":{"line":131,"column":75}},"type":"if","locations":[{"start":{"line":131,"column":8},"end":{"line":131,"column":75}},{"start":{},"end":{}}]},"11":{"loc":{"start":{"line":133,"column":8},"end":{"line":144,"column":9}},"type":"switch","locations":[{"start":{"line":134,"column":12},"end":{"line":135,"column":71}},{"start":{"line":136,"column":12},"end":{"line":137,"column":65}},{"start":{"line":138,"column":12},"end":{"line":139,"column":72}},{"start":{"line":140,"column":12},"end":{"line":141,"column":64}},{"start":{"line":142,"column":12},"end":{"line":143,"column":70}}]},"12":{"loc":{"start":{"line":148,"column":15},"end":{"line":150,"column":83}},"type":"cond-expr","locations":[{"start":{"line":149,"column":14},"end":{"line":149,"column":85}},{"start":{"line":150,"column":14},"end":{"line":150,"column":83}}]},"13":{"loc":{"start":{"line":153,"column":4},"end":{"line":162,"column":5}},"type":"if","locations":[{"start":{"line":153,"column":4},"end":{"line":162,"column":5}},{"start":{},"end":{}}]},"14":{"loc":{"start":{"line":164,"column":4},"end":{"line":200,"column":5}},"type":"if","locations":[{"start":{"line":164,"column":4},"end":{"line":200,"column":5}},{"start":{},"end":{}}]},"15":{"loc":{"start":{"line":212,"column":13},"end":{"line":284,"column":null}},"type":"binary-expr","locations":[{"start":{"line":212,"column":13},"end":{"line":212,"column":18}},{"start":{"line":213,"column":16},"end":{"line":283,"column":null}}]},"16":{"loc":{"start":{"line":298,"column":41},"end":{"line":301,"column":null}},"type":"binary-expr","locations":[{"start":{"line":298,"column":41},"end":{"line":298,"column":51}},{"start":{"line":299,"column":44},"end":{"line":300,"column":null}}]},"17":{"loc":{"start":{"line":308,"column":33},"end":{"line":311,"column":null}},"type":"cond-expr","locations":[{"start":{"line":309,"column":36},"end":{"line":309,"column":70}},{"start":{"line":311,"column":36},"end":{"line":311,"column":71}}]},"18":{"loc":{"start":{"line":330,"column":33},"end":{"line":337,"column":null}},"type":"binary-expr","locations":[{"start":{"line":330,"column":33},"end":{"line":330,"column":43}},{"start":{"line":331,"column":36},"end":{"line":334,"column":null}}]},"19":{"loc":{"start":{"line":343,"column":37},"end":{"line":345,"column":117}},"type":"cond-expr","locations":[{"start":{"line":344,"column":42},"end":{"line":344,"column":104}},{"start":{"line":345,"column":42},"end":{"line":345,"column":117}}]},"20":{"loc":{"start":{"line":364,"column":40},"end":{"line":367,"column":41}},"type":"if","locations":[{"start":{"line":364,"column":40},"end":{"line":367,"column":41}},{"start":{},"end":{}}]},"21":{"loc":{"start":{"line":379,"column":52},"end":{"line":381,"column":53}},"type":"if","locations":[{"start":{"line":379,"column":52},"end":{"line":381,"column":53}},{"start":{},"end":{}}]},"22":{"loc":{"start":{"line":387,"column":61},"end":{"line":387,"column":141}},"type":"cond-expr","locations":[{"start":{"line":387,"column":68},"end":{"line":387,"column":126}},{"start":{"line":387,"column":129},"end":{"line":387,"column":141}}]},"23":{"loc":{"start":{"line":390,"column":61},"end":{"line":390,"column":101}},"type":"binary-expr","locations":[{"start":{"line":390,"column":61},"end":{"line":390,"column":88}},{"start":{"line":390,"column":92},"end":{"line":390,"column":101}}]},"24":{"loc":{"start":{"line":398,"column":75},"end":{"line":398,"column":111}},"type":"binary-expr","locations":[{"start":{"line":398,"column":75},"end":{"line":398,"column":98}},{"start":{"line":398,"column":102},"end":{"line":398,"column":111}}]},"25":{"loc":{"start":{"line":403,"column":69},"end":{"line":403,"column":119}},"type":"cond-expr","locations":[{"start":{"line":403,"column":98},"end":{"line":403,"column":106}},{"start":{"line":403,"column":109},"end":{"line":403,"column":119}}]},"26":{"loc":{"start":{"line":411,"column":53},"end":{"line":419,"column":null}},"type":"cond-expr","locations":[{"start":{"line":412,"column":56},"end":{"line":416,"column":null}},{"start":{"line":419,"column":56},"end":{"line":419,"column":118}}]},"27":{"loc":{"start":{"line":414,"column":61},"end":{"line":415,"column":null}},"type":"binary-expr","locations":[{"start":{"line":414,"column":61},"end":{"line":414,"column":82}},{"start":{"line":415,"column":64},"end":{"line":415,"column":124}}]},"28":{"loc":{"start":{"line":428,"column":89},"end":{"line":428,"column":125}},"type":"binary-expr","locations":[{"start":{"line":428,"column":89},"end":{"line":428,"column":112}},{"start":{"line":428,"column":116},"end":{"line":428,"column":125}}]},"29":{"loc":{"start":{"line":432,"column":65},"end":{"line":432,"column":115}},"type":"cond-expr","locations":[{"start":{"line":432,"column":94},"end":{"line":432,"column":102}},{"start":{"line":432,"column":105},"end":{"line":432,"column":115}}]},"30":{"loc":{"start":{"line":375,"column":53},"end":{"line":375,"column":101}},"type":"binary-expr","locations":[{"start":{"line":375,"column":53},"end":{"line":375,"column":74}},{"start":{"line":375,"column":78},"end":{"line":375,"column":101}}]},"31":{"loc":{"start":{"line":464,"column":29},"end":{"line":467,"column":null}},"type":"binary-expr","locations":[{"start":{"line":464,"column":29},"end":{"line":464,"column":55}},{"start":{"line":464,"column":59},"end":{"line":464,"column":67}},{"start":{"line":465,"column":32},"end":{"line":466,"column":null}}]},"32":{"loc":{"start":{"line":466,"column":37},"end":{"line":466,"column":108}},"type":"cond-expr","locations":[{"start":{"line":466,"column":50},"end":{"line":466,"column":88}},{"start":{"line":466,"column":91},"end":{"line":466,"column":108}}]},"33":{"loc":{"start":{"line":484,"column":21},"end":{"line":484,"column":80}},"type":"binary-expr","locations":[{"start":{"line":484,"column":21},"end":{"line":484,"column":28}},{"start":{"line":484,"column":32},"end":{"line":484,"column":80}}]}},"s":{"0":0,"1":0,"2":0,"3":0,"4":0,"5":0,"6":0,"7":0,"8":0,"9":0,"10":0,"11":0,"12":0,"13":0,"14":0,"15":0,"16":0,"17":0,"18":0,"19":0,"20":0,"21":0,"22":0,"23":0,"24":0,"25":0,"26":0,"27":0,"28":0,"29":0,"30":0,"31":0,"32":0,"33":0,"34":0,"35":0,"36":0,"37":0,"38":0,"39":0,"40":0,"41":0,"42":0,"43":0,"44":0,"45":0,"46":0,"47":0,"48":0,"49":0,"50":0,"51":0,"52":0,"53":0,"54":0,"55":0,"56":0,"57":0,"58":0,"59":0,"60":0,"61":0,"62":0,"63":0,"64":0,"65":0,"66":0,"67":0,"68":0,"69":0,"70":0,"71":0,"72":0,"73":0,"74":0,"75":0,"76":0,"77":0,"78":0,"79":0,"80":0,"81":0,"82":0,"83":0},"f":{"0":0,"1":0,"2":0,"3":0,"4":0,"5":0,"6":0,"7":0,"8":0,"9":0,"10":0,"11":0,"12":0,"13":0,"14":0,"15":0},"b":{"0":[0,0],"1":[0,0],"2":[0,0],"3":[0,0],"4":[0,0],"5":[0,0],"6":[0,0],"7":[0,0],"8":[0,0],"9":[0,0],"10":[0,0],"11":[0,0,0,0,0],"12":[0,0],"13":[0,0],"14":[0,0],"15":[0,0],"16":[0,0],"17":[0,0],"18":[0,0],"19":[0,0],"20":[0,0],"21":[0,0],"22":[0,0],"23":[0,0],"24":[0,0],"25":[0,0],"26":[0,0],"27":[0,0],"28":[0,0],"29":[0,0],"30":[0,0],"31":[0,0,0],"32":[0,0],"33":[0,0]}}
,"/home/runner/work/BuildFlow/BuildFlow/frontend/src/components/home/Auth.tsx": {"path":"/home/runner/work/BuildFlow/BuildFlow/frontend/src/components/home/Auth.tsx","statementMap":{"0":{"start":{"line":19,"column":41},"end":{"line":127,"column":1}},"1":{"start":{"line":20,"column":42},"end":{"line":20,"column":57}},"2":{"start":{"line":21,"column":56},"end":{"line":21,"column":71}},"3":{"start":{"line":22,"column":36},"end":{"line":22,"column":54}},"4":{"start":{"line":25,"column":2},"end":{"line":52,"column":9}},"5":{"start":{"line":26,"column":29},"end":{"line":33,"column":5}},"6":{"start":{"line":27,"column":19},"end":{"line":27,"column":39}},"7":{"start":{"line":28,"column":6},"end":{"line":32,"column":7}},"8":{"start":{"line":30,"column":29},"end":{"line":30,"column":75}},"9":{"start":{"line":31,"column":8},"end":{"line":31,"column":35}},"10":{"start":{"line":36,"column":32},"end":{"line":40,"column":5}},"11":{"start":{"line":37,"column":22},"end":{"line":37,"column":34}},"12":{"start":{"line":38,"column":6},"end":{"line":38,"column":24}},"13":{"start":{"line":39,"column":6},"end":{"line":39,"column":46}},"14":{"start":{"line":42,"column":4},"end":{"line":42,"column":60}},"15":{"start":{"line":43,"column":4},"end":{"line":43,"column":75}},"16":{"start":{"line":46,"column":4},"end":{"line":46,"column":23}},"17":{"start":{"line":48,"column":4},"end":{"line":51,"column":6}},"18":{"start":{"line":49,"column":6},"end":{"line":49,"column":65}},"19":{"start":{"line":50,"column":6},"end":{"line":50,"column":80}},"20":{"start":{"line":54,"column":35},"end":{"line":54,"column":71}},"21":{"start":{"line":54,"column":41},"end":{"line":54,"column":71}},"22":{"start":{"line":55,"column":42},"end":{"line":55,"column":92}},"23":{"start":{"line":55,"column":48},"end":{"line":55,"column":92}},"24":{"start":{"line":57,"column":2},"end":{"line":126,"column":4}},"25":{"start":{"line":98,"column":39},"end":{"line":98,"column":60}},"26":{"start":{"line":118,"column":16},"end":{"line":118,"column":33}}},"fnMap":{"0":{"name":"(anonymous_0)","decl":{"start":{"line":19,"column":41},"end":{"line":19,"column":42}},"loc":{"start":{"line":19,"column":64},"end":{"line":127,"column":1}}},"1":{"name":"(anonymous_1)","decl":{"start":{"line":25,"column":12},"end":{"line":25,"column":15}},"loc":{"start":{"line":25,"column":17},"end":{"line":52,"column":3}}},"2":{"name":"(anonymous_2)","decl":{"start":{"line":26,"column":29},"end":{"line":26,"column":32}},"loc":{"start":{"line":26,"column":34},"end":{"line":33,"column":5}}},"3":{"name":"(anonymous_3)","decl":{"start":{"line":36,"column":32},"end":{"line":36,"column":33}},"loc":{"start":{"line":36,"column":55},"end":{"line":40,"column":5}}},"4":{"name":"(anonymous_4)","decl":{"start":{"line":48,"column":11},"end":{"line":48,"column":14}},"loc":{"start":{"line":48,"column":16},"end":{"line":51,"column":5}}},"5":{"name":"(anonymous_5)","decl":{"start":{"line":54,"column":35},"end":{"line":54,"column":38}},"loc":{"start":{"line":54,"column":41},"end":{"line":54,"column":71}}},"6":{"name":"(anonymous_6)","decl":{"start":{"line":55,"column":42},"end":{"line":55,"column":45}},"loc":{"start":{"line":55,"column":48},"end":{"line":55,"column":92}}},"7":{"name":"(anonymous_7)","decl":{"start":{"line":98,"column":33},"end":{"line":98,"column":36}},"loc":{"start":{"line":98,"column":39},"end":{"line":98,"column":60}}},"8":{"name":"(anonymous_8)","decl":{"start":{"line":117,"column":35},"end":{"line":117,"column":36}},"loc":{"start":{"line":118,"column":16},"end":{"line":118,"column":33}}}},"branchMap":{"0":{"loc":{"start":{"line":19,"column":44},"end":{"line":19,"column":58}},"type":"default-arg","locations":[{"start":{"line":19,"column":56},"end":{"line":19,"column":58}}]},"1":{"loc":{"start":{"line":28,"column":6},"end":{"line":32,"column":7}},"type":"if","locations":[{"start":{"line":28,"column":6},"end":{"line":32,"column":7}},{"start":{},"end":{}}]},"2":{"loc":{"start":{"line":30,"column":29},"end":{"line":30,"column":75}},"type":"binary-expr","locations":[{"start":{"line":30,"column":29},"end":{"line":30,"column":63}},{"start":{"line":30,"column":67},"end":{"line":30,"column":75}}]}},"s":{"0":0,"1":0,"2":0,"3":0,"4":0,"5":0,"6":0,"7":0,"8":0,"9":0,"10":0,"11":0,"12":0,"13":0,"14":0,"15":0,"16":0,"17":0,"18":0,"19":0,"20":0,"21":0,"22":0,"23":0,"24":0,"25":0,"26":0},"f":{"0":0,"1":0,"2":0,"3":0,"4":0,"5":0,"6":0,"7":0,"8":0},"b":{"0":[0],"1":[0,0],"2":[0,0]}}
,"/home/runner/work/BuildFlow/BuildFlow/frontend/src/components/home/Brands.tsx": {"path":"/home/runner/work/BuildFlow/BuildFlow/frontend/src/components/home/Brands.tsx","statementMap":{"0":{"start":{"line":1,"column":0},"end":{"line":1,"column":43}},"1":{"start":{"line":3,"column":0},"end":{"line":3,"column":53}},"2":{"start":{"line":33,"column":45},"end":{"line":233,"column":1}},"3":{"start":{"line":34,"column":31},"end":{"line":34,"column":46}},"4":{"start":{"line":35,"column":38},"end":{"line":60,"column":4}},"5":{"start":{"line":62,"column":26},"end":{"line":93,"column":4}},"6":{"start":{"line":95,"column":22},"end":{"line":103,"column":3}},"7":{"start":{"line":96,"column":4},"end":{"line":102,"column":7}},"8":{"start":{"line":97,"column":6},"end":{"line":98,"column":null}},"9":{"start":{"line":105,"column":2},"end":{"line":232,"column":4}},"10":{"start":{"line":145,"column":14},"end":{"line":146,"column":null}},"11":{"start":{"line":168,"column":60},"end":{"line":168,"column":64}},"12":{"start":{"line":188,"column":14},"end":{"line":189,"column":null}},"13":{"start":{"line":235,"column":0},"end":{"line":235,"column":22}}},"fnMap":{"0":{"name":"(anonymous_0)","decl":{"start":{"line":33,"column":45},"end":{"line":33,"column":46}},"loc":{"start":{"line":33,"column":68},"end":{"line":233,"column":1}}},"1":{"name":"(anonymous_1)","decl":{"start":{"line":95,"column":22},"end":{"line":95,"column":23}},"loc":{"start":{"line":95,"column":41},"end":{"line":103,"column":3}}},"2":{"name":"(anonymous_2)","decl":{"start":{"line":96,"column":37},"end":{"line":96,"column":38}},"loc":{"start":{"line":97,"column":6},"end":{"line":98,"column":null}}},"3":{"name":"(anonymous_3)","decl":{"start":{"line":144,"column":30},"end":{"line":144,"column":31}},"loc":{"start":{"line":145,"column":14},"end":{"line":146,"column":null}}},"4":{"name":"(anonymous_4)","decl":{"start":{"line":168,"column":55},"end":{"line":168,"column":56}},"loc":{"start":{"line":168,"column":60},"end":{"line":168,"column":64}}},"5":{"name":"(anonymous_5)","decl":{"start":{"line":187,"column":24},"end":{"line":187,"column":25}},"loc":{"start":{"line":188,"column":14},"end":{"line":189,"column":null}}}},"branchMap":{"0":{"loc":{"start":{"line":33,"column":48},"end":{"line":33,"column":62}},"type":"default-arg","locations":[{"start":{"line":33,"column":60},"end":{"line":33,"column":62}}]},"1":{"loc":{"start":{"line":99,"column":30},"end":{"line":99,"column":null}},"type":"cond-expr","locations":[{"start":{"line":99,"column":47},"end":{"line":99,"column":77}},{"start":{"line":99,"column":80},"end":{"line":99,"column":null}}]}},"s":{"0":1,"1":1,"2":1,"3":10,"4":10,"5":10,"6":10,"7":30,"8":150,"9":10,"10":30,"11":60,"12":60,"13":1},"f":{"0":10,"1":30,"2":150,"3":30,"4":60,"5":60},"b":{"0":[9],"1":[150,0]}}
,"/home/runner/work/BuildFlow/BuildFlow/frontend/src/components/home/Contact.tsx": {"path":"/home/runner/work/BuildFlow/BuildFlow/frontend/src/components/home/Contact.tsx","statementMap":{"0":{"start":{"line":40,"column":47},"end":{"line":328,"column":1}},"1":{"start":{"line":41,"column":26},"end":{"line":49,"column":4}},"2":{"start":{"line":51,"column":23},"end":{"line":67,"column":3}},"3":{"start":{"line":52,"column":4},"end":{"line":52,"column":23}},"4":{"start":{"line":54,"column":4},"end":{"line":54,"column":49}},"5":{"start":{"line":55,"column":4},"end":{"line":55,"column":81}},"6":{"start":{"line":58,"column":4},"end":{"line":66,"column":7}},"7":{"start":{"line":69,"column":28},"end":{"line":71,"column":3}},"8":{"start":{"line":70,"column":4},"end":{"line":70,"column":51}},"9":{"start":{"line":70,"column":21},"end":{"line":70,"column":48}},"10":{"start":{"line":73,"column":22},"end":{"line":98,"column":4}},"11":{"start":{"line":100,"column":23},"end":{"line":105,"column":4}},"12":{"start":{"line":107,"column":2},"end":{"line":327,"column":4}},"13":{"start":{"line":132,"column":18},"end":{"line":132,"column":35}},"14":{"start":{"line":180,"column":22},"end":{"line":181,"column":null}},"15":{"start":{"line":183,"column":39},"end":{"line":183,"column":83}},"16":{"start":{"line":206,"column":39},"end":{"line":206,"column":80}},"17":{"start":{"line":217,"column":39},"end":{"line":217,"column":81}},"18":{"start":{"line":232,"column":39},"end":{"line":232,"column":83}},"19":{"start":{"line":242,"column":39},"end":{"line":242,"column":81}},"20":{"start":{"line":255,"column":37},"end":{"line":255,"column":81}},"21":{"start":{"line":268,"column":37},"end":{"line":268,"column":81}}},"fnMap":{"0":{"name":"(anonymous_0)","decl":{"start":{"line":40,"column":47},"end":{"line":40,"column":48}},"loc":{"start":{"line":40,"column":70},"end":{"line":328,"column":1}}},"1":{"name":"(anonymous_1)","decl":{"start":{"line":51,"column":23},"end":{"line":51,"column":24}},"loc":{"start":{"line":51,"column":46},"end":{"line":67,"column":3}}},"2":{"name":"(anonymous_2)","decl":{"start":{"line":69,"column":28},"end":{"line":69,"column":29}},"loc":{"start":{"line":69,"column":72},"end":{"line":71,"column":3}}},"3":{"name":"(anonymous_3)","decl":{"start":{"line":70,"column":12},"end":{"line":70,"column":16}},"loc":{"start":{"line":70,"column":21},"end":{"line":70,"column":48}}},"4":{"name":"(anonymous_4)","decl":{"start":{"line":131,"column":33},"end":{"line":131,"column":34}},"loc":{"start":{"line":132,"column":18},"end":{"line":132,"column":35}}},"5":{"name":"(anonymous_5)","decl":{"start":{"line":179,"column":38},"end":{"line":179,"column":39}},"loc":{"start":{"line":180,"column":22},"end":{"line":181,"column":null}}},"6":{"name":"(anonymous_6)","decl":{"start":{"line":183,"column":33},"end":{"line":183,"column":36}},"loc":{"start":{"line":183,"column":39},"end":{"line":183,"column":83}}},"7":{"name":"(anonymous_7)","decl":{"start":{"line":206,"column":32},"end":{"line":206,"column":33}},"loc":{"start":{"line":206,"column":39},"end":{"line":206,"column":80}}},"8":{"name":"(anonymous_8)","decl":{"start":{"line":217,"column":32},"end":{"line":217,"column":33}},"loc":{"start":{"line":217,"column":39},"end":{"line":217,"column":81}}},"9":{"name":"(anonymous_9)","decl":{"start":{"line":232,"column":32},"end":{"line":232,"column":33}},"loc":{"start":{"line":232,"column":39},"end":{"line":232,"column":83}}},"10":{"name":"(anonymous_10)","decl":{"start":{"line":242,"column":32},"end":{"line":242,"column":33}},"loc":{"start":{"line":242,"column":39},"end":{"line":242,"column":81}}},"11":{"name":"(anonymous_11)","decl":{"start":{"line":255,"column":30},"end":{"line":255,"column":31}},"loc":{"start":{"line":255,"column":37},"end":{"line":255,"column":81}}},"12":{"name":"(anonymous_12)","decl":{"start":{"line":268,"column":30},"end":{"line":268,"column":31}},"loc":{"start":{"line":268,"column":37},"end":{"line":268,"column":81}}}},"branchMap":{"0":{"loc":{"start":{"line":40,"column":50},"end":{"line":40,"column":64}},"type":"default-arg","locations":[{"start":{"line":40,"column":62},"end":{"line":40,"column":64}}]},"1":{"loc":{"start":{"line":185,"column":26},"end":{"line":187,"column":null}},"type":"cond-expr","locations":[{"start":{"line":186,"column":30},"end":{"line":186,"column":72}},{"start":{"line":187,"column":30},"end":{"line":187,"column":null}}]}},"s":{"0":0,"1":0,"2":0,"3":0,"4":0,"5":0,"6":0,"7":0,"8":0,"9":0,"10":0,"11":0,"12":0,"13":0,"14":0,"15":0,"16":0,"17":0,"18":0,"19":0,"20":0,"21":0},"f":{"0":0,"1":0,"2":0,"3":0,"4":0,"5":0,"6":0,"7":0,"8":0,"9":0,"10":0,"11":0,"12":0},"b":{"0":[0],"1":[0,0]}}
,"/home/runner/work/BuildFlow/BuildFlow/frontend/src/components/home/Credentials.tsx": {"path":"/home/runner/work/BuildFlow/BuildFlow/frontend/src/components/home/Credentials.tsx","statementMap":{"0":{"start":{"line":36,"column":53},"end":{"line":65,"column":null}},"1":{"start":{"line":44,"column":2},"end":{"line":64,"column":null}},"2":{"start":{"line":61,"column":10},"end":{"line":61,"column":25}},"3":{"start":{"line":69,"column":69},"end":{"line":106,"column":1}},"4":{"start":{"line":78,"column":18},"end":{"line":78,"column":37}},"5":{"start":{"line":79,"column":15},"end":{"line":79,"column":36}},"6":{"start":{"line":80,"column":24},"end":{"line":80,"column":28}},"7":{"start":{"line":82,"column":2},"end":{"line":105,"column":4}},"8":{"start":{"line":100,"column":12},"end":{"line":100,"column":27}},"9":{"start":{"line":109,"column":59},"end":{"line":147,"column":null}},"10":{"start":{"line":119,"column":2},"end":{"line":146,"column":null}},"11":{"start":{"line":143,"column":10},"end":{"line":143,"column":25}}},"fnMap":{"0":{"name":"(anonymous_0)","decl":{"start":{"line":36,"column":53},"end":{"line":36,"column":54}},"loc":{"start":{"line":44,"column":2},"end":{"line":64,"column":null}}},"1":{"name":"(anonymous_1)","decl":{"start":{"line":60,"column":20},"end":{"line":60,"column":21}},"loc":{"start":{"line":61,"column":10},"end":{"line":61,"column":25}}},"2":{"name":"(anonymous_2)","decl":{"start":{"line":69,"column":69},"end":{"line":69,"column":70}},"loc":{"start":{"line":76,"column":5},"end":{"line":106,"column":1}}},"3":{"name":"(anonymous_3)","decl":{"start":{"line":99,"column":22},"end":{"line":99,"column":23}},"loc":{"start":{"line":100,"column":12},"end":{"line":100,"column":27}}},"4":{"name":"(anonymous_4)","decl":{"start":{"line":109,"column":59},"end":{"line":109,"column":60}},"loc":{"start":{"line":119,"column":2},"end":{"line":146,"column":null}}},"5":{"name":"(anonymous_5)","decl":{"start":{"line":142,"column":20},"end":{"line":142,"column":21}},"loc":{"start":{"line":143,"column":10},"end":{"line":143,"column":25}}}},"branchMap":{"0":{"loc":{"start":{"line":40,"column":2},"end":{"line":40,"column":34}},"type":"default-arg","locations":[{"start":{"line":40,"column":16},"end":{"line":40,"column":34}}]},"1":{"loc":{"start":{"line":41,"column":2},"end":{"line":41,"column":13}},"type":"default-arg","locations":[{"start":{"line":41,"column":11},"end":{"line":41,"column":13}}]},"2":{"loc":{"start":{"line":42,"column":2},"end":{"line":42,"column":18}},"type":"default-arg","locations":[{"start":{"line":42,"column":13},"end":{"line":42,"column":18}}]},"3":{"loc":{"start":{"line":52,"column":28},"end":{"line":52,"column":102}},"type":"cond-expr","locations":[{"start":{"line":52,"column":60},"end":{"line":52,"column":97}},{"start":{"line":52,"column":100},"end":{"line":52,"column":102}}]},"4":{"loc":{"start":{"line":52,"column":28},"end":{"line":52,"column":57}},"type":"binary-expr","locations":[{"start":{"line":52,"column":28},"end":{"line":52,"column":36}},{"start":{"line":52,"column":40},"end":{"line":52,"column":57}}]},"5":{"loc":{"start":{"line":58,"column":5},"end":{"line":63,"column":null}},"type":"binary-expr","locations":[{"start":{"line":58,"column":5},"end":{"line":58,"column":22}},{"start":{"line":59,"column":6},"end":{"line":62,"column":null}}]},"6":{"loc":{"start":{"line":73,"column":2},"end":{"line":73,"column":47}},"type":"default-arg","locations":[{"start":{"line":73,"column":16},"end":{"line":73,"column":47}}]},"7":{"loc":{"start":{"line":74,"column":2},"end":{"line":74,"column":13}},"type":"default-arg","locations":[{"start":{"line":74,"column":11},"end":{"line":74,"column":13}}]},"8":{"loc":{"start":{"line":75,"column":2},"end":{"line":75,"column":18}},"type":"default-arg","locations":[{"start":{"line":75,"column":13},"end":{"line":75,"column":18}}]},"9":{"loc":{"start":{"line":79,"column":15},"end":{"line":79,"column":36}},"type":"cond-expr","locations":[{"start":{"line":79,"column":25},"end":{"line":79,"column":29}},{"start":{"line":79,"column":32},"end":{"line":79,"column":36}}]},"10":{"loc":{"start":{"line":91,"column":30},"end":{"line":91,"column":104}},"type":"cond-expr","locations":[{"start":{"line":91,"column":62},"end":{"line":91,"column":99}},{"start":{"line":91,"column":102},"end":{"line":91,"column":104}}]},"11":{"loc":{"start":{"line":91,"column":30},"end":{"line":91,"column":59}},"type":"binary-expr","locations":[{"start":{"line":91,"column":30},"end":{"line":91,"column":38}},{"start":{"line":91,"column":42},"end":{"line":91,"column":59}}]},"12":{"loc":{"start":{"line":97,"column":7},"end":{"line":102,"column":null}},"type":"binary-expr","locations":[{"start":{"line":97,"column":7},"end":{"line":97,"column":24}},{"start":{"line":98,"column":8},"end":{"line":101,"column":null}}]},"13":{"loc":{"start":{"line":116,"column":2},"end":{"line":116,"column":13}},"type":"default-arg","locations":[{"start":{"line":116,"column":11},"end":{"line":116,"column":13}}]},"14":{"loc":{"start":{"line":117,"column":2},"end":{"line":117,"column":18}},"type":"default-arg","locations":[{"start":{"line":117,"column":13},"end":{"line":117,"column":18}}]},"15":{"loc":{"start":{"line":125,"column":14},"end":{"line":125,"column":48}},"type":"cond-expr","locations":[{"start":{"line":125,"column":29},"end":{"line":125,"column":35}},{"start":{"line":125,"column":38},"end":{"line":125,"column":48}}]},"16":{"loc":{"start":{"line":127,"column":34},"end":{"line":127,"column":108}},"type":"cond-expr","locations":[{"start":{"line":127,"column":66},"end":{"line":127,"column":103}},{"start":{"line":127,"column":106},"end":{"line":127,"column":108}}]},"17":{"loc":{"start":{"line":127,"column":34},"end":{"line":127,"column":63}},"type":"binary-expr","locations":[{"start":{"line":127,"column":34},"end":{"line":127,"column":42}},{"start":{"line":127,"column":46},"end":{"line":127,"column":63}}]},"18":{"loc":{"start":{"line":137,"column":9},"end":{"line":137,"column":84}},"type":"cond-expr","locations":[{"start":{"line":137,"column":24},"end":{"line":137,"column":54}},{"start":{"line":137,"column":57},"end":{"line":137,"column":84}}]},"19":{"loc":{"start":{"line":140,"column":5},"end":{"line":145,"column":null}},"type":"binary-expr","locations":[{"start":{"line":140,"column":5},"end":{"line":140,"column":22}},{"start":{"line":141,"column":6},"end":{"line":144,"column":null}}]}},"s":{"0":0,"1":0,"2":0,"3":0,"4":0,"5":0,"6":0,"7":0,"8":0,"9":0,"10":0,"11":0},"f":{"0":0,"1":0,"2":0,"3":0,"4":0,"5":0},"b":{"0":[0],"1":[0],"2":[0],"3":[0,0],"4":[0,0],"5":[0,0],"6":[0],"7":[0],"8":[0],"9":[0,0],"10":[0,0],"11":[0,0],"12":[0,0],"13":[0],"14":[0],"15":[0,0],"16":[0,0],"17":[0,0],"18":[0,0],"19":[0,0]}}
,"/home/runner/work/BuildFlow/BuildFlow/frontend/src/components/home/Features.tsx": {"path":"/home/runner/work/BuildFlow/BuildFlow/frontend/src/components/home/Features.tsx","statementMap":{"0":{"start":{"line":29,"column":49},"end":{"line":156,"column":1}},"1":{"start":{"line":30,"column":30},"end":{"line":79,"column":4}},"2":{"start":{"line":81,"column":2},"end":{"line":155,"column":4}},"3":{"start":{"line":99,"column":12},"end":{"line":100,"column":null}},"4":{"start":{"line":122,"column":20},"end":{"line":122,"column":43}},"5":{"start":{"line":143,"column":38},"end":{"line":143,"column":71}},"6":{"start":{"line":144,"column":16},"end":{"line":146,"column":17}},"7":{"start":{"line":145,"column":18},"end":{"line":145,"column":71}}},"fnMap":{"0":{"name":"(anonymous_0)","decl":{"start":{"line":29,"column":49},"end":{"line":29,"column":50}},"loc":{"start":{"line":29,"column":72},"end":{"line":156,"column":1}}},"1":{"name":"(anonymous_1)","decl":{"start":{"line":98,"column":24},"end":{"line":98,"column":25}},"loc":{"start":{"line":99,"column":12},"end":{"line":100,"column":null}}},"2":{"name":"(anonymous_2)","decl":{"start":{"line":121,"column":40},"end":{"line":121,"column":41}},"loc":{"start":{"line":122,"column":20},"end":{"line":122,"column":43}}},"3":{"name":"(anonymous_3)","decl":{"start":{"line":142,"column":23},"end":{"line":142,"column":26}},"loc":{"start":{"line":142,"column":28},"end":{"line":147,"column":15}}}},"branchMap":{"0":{"loc":{"start":{"line":29,"column":52},"end":{"line":29,"column":66}},"type":"default-arg","locations":[{"start":{"line":29,"column":64},"end":{"line":29,"column":66}}]},"1":{"loc":{"start":{"line":144,"column":16},"end":{"line":146,"column":17}},"type":"if","locations":[{"start":{"line":144,"column":16},"end":{"line":146,"column":17}},{"start":{},"end":{}}]}},"s":{"0":0,"1":0,"2":0,"3":0,"4":0,"5":0,"6":0,"7":0},"f":{"0":0,"1":0,"2":0,"3":0},"b":{"0":[0],"1":[0,0]}}
,"/home/runner/work/BuildFlow/BuildFlow/frontend/src/components/home/Footer.tsx": {"path":"/home/runner/work/BuildFlow/BuildFlow/frontend/src/components/home/Footer.tsx","statementMap":{"0":{"start":{"line":27,"column":38},"end":{"line":279,"column":1}},"1":{"start":{"line":28,"column":33},"end":{"line":32,"column":3}},"2":{"start":{"line":29,"column":4},"end":{"line":29,"column":23}},"3":{"start":{"line":31,"column":4},"end":{"line":31,"column":82}},"4":{"start":{"line":34,"column":25},"end":{"line":75,"column":4}},"5":{"start":{"line":77,"column":22},"end":{"line":102,"column":4}},"6":{"start":{"line":105,"column":24},"end":{"line":131,"column":null}},"7":{"start":{"line":106,"column":4},"end":{"line":130,"column":null}},"8":{"start":{"line":134,"column":2},"end":{"line":278,"column":4}},"9":{"start":{"line":175,"column":18},"end":{"line":176,"column":null}},"10":{"start":{"line":191,"column":18},"end":{"line":191,"column":null}},"11":{"start":{"line":197,"column":24},"end":{"line":197,"column":null}}},"fnMap":{"0":{"name":"(anonymous_0)","decl":{"start":{"line":27,"column":38},"end":{"line":27,"column":39}},"loc":{"start":{"line":27,"column":61},"end":{"line":279,"column":1}}},"1":{"name":"(anonymous_1)","decl":{"start":{"line":28,"column":33},"end":{"line":28,"column":34}},"loc":{"start":{"line":28,"column":56},"end":{"line":32,"column":3}}},"2":{"name":"(anonymous_2)","decl":{"start":{"line":105,"column":24},"end":{"line":105,"column":27}},"loc":{"start":{"line":106,"column":4},"end":{"line":130,"column":null}}},"3":{"name":"(anonymous_3)","decl":{"start":{"line":174,"column":33},"end":{"line":174,"column":34}},"loc":{"start":{"line":175,"column":18},"end":{"line":176,"column":null}}},"4":{"name":"(anonymous_4)","decl":{"start":{"line":190,"column":36},"end":{"line":190,"column":37}},"loc":{"start":{"line":191,"column":18},"end":{"line":191,"column":null}}},"5":{"name":"(anonymous_5)","decl":{"start":{"line":196,"column":41},"end":{"line":196,"column":42}},"loc":{"start":{"line":197,"column":24},"end":{"line":197,"column":null}}}},"branchMap":{"0":{"loc":{"start":{"line":27,"column":41},"end":{"line":27,"column":55}},"type":"default-arg","locations":[{"start":{"line":27,"column":53},"end":{"line":27,"column":55}}]}},"s":{"0":0,"1":0,"2":0,"3":0,"4":0,"5":0,"6":0,"7":0,"8":0,"9":0,"10":0,"11":0},"f":{"0":0,"1":0,"2":0,"3":0,"4":0,"5":0},"b":{"0":[0]}}
,"/home/runner/work/BuildFlow/BuildFlow/frontend/src/components/home/Hero.tsx": {"path":"/home/runner/work/BuildFlow/BuildFlow/frontend/src/components/home/Hero.tsx","statementMap":{"0":{"start":{"line":19,"column":41},"end":{"line":142,"column":1}},"1":{"start":{"line":20,"column":31},"end":{"line":20,"column":46}},"2":{"start":{"line":22,"column":27},"end":{"line":25,"column":3}},"3":{"start":{"line":24,"column":4},"end":{"line":24,"column":23}},"4":{"start":{"line":27,"column":26},"end":{"line":30,"column":3}},"5":{"start":{"line":29,"column":4},"end":{"line":29,"column":38}},"6":{"start":{"line":32,"column":2},"end":{"line":141,"column":4}}},"fnMap":{"0":{"name":"(anonymous_0)","decl":{"start":{"line":19,"column":41},"end":{"line":19,"column":42}},"loc":{"start":{"line":19,"column":64},"end":{"line":142,"column":1}}},"1":{"name":"(anonymous_1)","decl":{"start":{"line":22,"column":27},"end":{"line":22,"column":30}},"loc":{"start":{"line":22,"column":32},"end":{"line":25,"column":3}}},"2":{"name":"(anonymous_2)","decl":{"start":{"line":27,"column":26},"end":{"line":27,"column":29}},"loc":{"start":{"line":27,"column":31},"end":{"line":30,"column":3}}}},"branchMap":{"0":{"loc":{"start":{"line":19,"column":44},"end":{"line":19,"column":58}},"type":"default-arg","locations":[{"start":{"line":19,"column":56},"end":{"line":19,"column":58}}]}},"s":{"0":0,"1":0,"2":0,"3":0,"4":0,"5":0,"6":0},"f":{"0":0,"1":0,"2":0},"b":{"0":[0]}}
,"/home/runner/work/BuildFlow/BuildFlow/frontend/src/components/home/Login.tsx": {"path":"/home/runner/work/BuildFlow/BuildFlow/frontend/src/components/home/Login.tsx","statementMap":{"0":{"start":{"line":14,"column":36},"end":{"line":119,"column":1}},"1":{"start":{"line":18,"column":36},"end":{"line":21,"column":4}},"2":{"start":{"line":22,"column":42},"end":{"line":22,"column":57}},"3":{"start":{"line":23,"column":40},"end":{"line":23,"column":69}},"4":{"start":{"line":25,"column":20},"end":{"line":25,"column":29}},"5":{"start":{"line":26,"column":19},"end":{"line":26,"column":32}},"6":{"start":{"line":28,"column":22},"end":{"line":54,"column":3}},"7":{"start":{"line":29,"column":4},"end":{"line":29,"column":23}},"8":{"start":{"line":31,"column":4},"end":{"line":34,"column":5}},"9":{"start":{"line":32,"column":6},"end":{"line":32,"column":51}},"10":{"start":{"line":33,"column":6},"end":{"line":33,"column":13}},"11":{"start":{"line":36,"column":4},"end":{"line":36,"column":26}},"12":{"start":{"line":37,"column":4},"end":{"line":37,"column":25}},"13":{"start":{"line":39,"column":4},"end":{"line":53,"column":5}},"14":{"start":{"line":41,"column":6},"end":{"line":44,"column":9}},"15":{"start":{"line":47,"column":6},"end":{"line":47,"column":29}},"16":{"start":{"line":50,"column":6},"end":{"line":50,"column":97}},"17":{"start":{"line":52,"column":6},"end":{"line":52,"column":29}},"18":{"start":{"line":56,"column":2},"end":{"line":118,"column":4}},"19":{"start":{"line":71,"column":14},"end":{"line":71,"column":83}},"20":{"start":{"line":71,"column":36},"end":{"line":71,"column":80}},"21":{"start":{"line":72,"column":14},"end":{"line":72,"column":52}},"22":{"start":{"line":72,"column":31},"end":{"line":72,"column":52}},"23":{"start":{"line":81,"column":14},"end":{"line":81,"column":76}},"24":{"start":{"line":81,"column":36},"end":{"line":81,"column":73}},"25":{"start":{"line":82,"column":14},"end":{"line":82,"column":52}},"26":{"start":{"line":82,"column":31},"end":{"line":82,"column":52}}},"fnMap":{"0":{"name":"(anonymous_0)","decl":{"start":{"line":14,"column":36},"end":{"line":14,"column":37}},"loc":{"start":{"line":17,"column":5},"end":{"line":119,"column":1}}},"1":{"name":"(anonymous_1)","decl":{"start":{"line":28,"column":22},"end":{"line":28,"column":27}},"loc":{"start":{"line":28,"column":51},"end":{"line":54,"column":3}}},"2":{"name":"(anonymous_2)","decl":{"start":{"line":70,"column":22},"end":{"line":70,"column":23}},"loc":{"start":{"line":70,"column":28},"end":{"line":73,"column":13}}},"3":{"name":"(anonymous_3)","decl":{"start":{"line":71,"column":27},"end":{"line":71,"column":31}},"loc":{"start":{"line":71,"column":36},"end":{"line":71,"column":80}}},"4":{"name":"(anonymous_4)","decl":{"start":{"line":80,"column":22},"end":{"line":80,"column":23}},"loc":{"start":{"line":80,"column":28},"end":{"line":83,"column":13}}},"5":{"name":"(anonymous_5)","decl":{"start":{"line":81,"column":27},"end":{"line":81,"column":31}},"loc":{"start":{"line":81,"column":36},"end":{"line":81,"column":73}}}},"branchMap":{"0":{"loc":{"start":{"line":31,"column":4},"end":{"line":34,"column":5}},"type":"if","locations":[{"start":{"line":31,"column":4},"end":{"line":34,"column":5}},{"start":{},"end":{}}]},"1":{"loc":{"start":{"line":31,"column":8},"end":{"line":31,"column":57}},"type":"binary-expr","locations":[{"start":{"line":31,"column":8},"end":{"line":31,"column":34}},{"start":{"line":31,"column":38},"end":{"line":31,"column":57}}]},"2":{"loc":{"start":{"line":50,"column":21},"end":{"line":50,"column":95}},"type":"cond-expr","locations":[{"start":{"line":50,"column":46},"end":{"line":50,"column":59}},{"start":{"line":50,"column":62},"end":{"line":50,"column":95}}]},"3":{"loc":{"start":{"line":72,"column":14},"end":{"line":72,"column":52}},"type":"if","locations":[{"start":{"line":72,"column":14},"end":{"line":72,"column":52}},{"start":{},"end":{}}]},"4":{"loc":{"start":{"line":82,"column":14},"end":{"line":82,"column":52}},"type":"if","locations":[{"start":{"line":82,"column":14},"end":{"line":82,"column":52}},{"start":{},"end":{}}]},"5":{"loc":{"start":{"line":101,"column":11},"end":{"line":104,"column":null}},"type":"binary-expr","locations":[{"start":{"line":101,"column":11},"end":{"line":101,"column":22}},{"start":{"line":102,"column":12},"end":{"line":103,"column":null}}]},"6":{"loc":{"start":{"line":113,"column":13},"end":{"line":113,"column":55}},"type":"cond-expr","locations":[{"start":{"line":113,"column":28},"end":{"line":113,"column":43}},{"start":{"line":113,"column":46},"end":{"line":113,"column":55}}]}},"s":{"0":0,"1":0,"2":0,"3":0,"4":0,"5":0,"6":0,"7":0,"8":0,"9":0,"10":0,"11":0,"12":0,"13":0,"14":0,"15":0,"16":0,"17":0,"18":0,"19":0,"20":0,"21":0,"22":0,"23":0,"24":0,"25":0,"26":0},"f":{"0":0,"1":0,"2":0,"3":0,"4":0,"5":0},"b":{"0":[0,0],"1":[0,0],"2":[0,0],"3":[0,0],"4":[0,0],"5":[0,0],"6":[0,0]}}
,"/home/runner/work/BuildFlow/BuildFlow/frontend/src/components/home/Navbar.tsx": {"path":"/home/runner/work/BuildFlow/BuildFlow/frontend/src/components/home/Navbar.tsx","statementMap":{"0":{"start":{"line":14,"column":13},"end":{"line":44,"column":1}},"1":{"start":{"line":15,"column":4},"end":{"line":43,"column":6}},"2":{"start":{"line":55,"column":42},"end":{"line":206,"column":1}},"3":{"start":{"line":60,"column":52},"end":{"line":60,"column":67}},"4":{"start":{"line":61,"column":67},"end":{"line":61,"column":82}},"5":{"start":{"line":63,"column":25},"end":{"line":70,"column":5}},"6":{"start":{"line":64,"column":8},"end":{"line":69,"column":9}},"7":{"start":{"line":65,"column":12},"end":{"line":65,"column":28}},"8":{"start":{"line":68,"column":12},"end":{"line":68,"column":30}},"9":{"start":{"line":72,"column":29},"end":{"line":79,"column":5}},"10":{"start":{"line":73,"column":8},"end":{"line":78,"column":9}},"11":{"start":{"line":74,"column":12},"end":{"line":74,"column":32}},"12":{"start":{"line":77,"column":12},"end":{"line":77,"column":31}},"13":{"start":{"line":81,"column":29},"end":{"line":83,"column":5}},"14":{"start":{"line":82,"column":8},"end":{"line":82,"column":47}},"15":{"start":{"line":86,"column":28},"end":{"line":90,"column":6}},"16":{"start":{"line":92,"column":27},"end":{"line":95,"column":5}},"17":{"start":{"line":93,"column":8},"end":{"line":93,"column":30}},"18":{"start":{"line":94,"column":8},"end":{"line":94,"column":35}},"19":{"start":{"line":97,"column":4},"end":{"line":205,"column":6}},"20":{"start":{"line":115,"column":24},"end":{"line":116,"column":null}},"21":{"start":{"line":117,"column":43},"end":{"line":117,"column":68}},"22":{"start":{"line":167,"column":32},"end":{"line":168,"column":null}},"23":{"start":{"line":169,"column":51},"end":{"line":169,"column":76}},"24":{"start":{"line":184,"column":36},"end":{"line":184,"column":51}},"25":{"start":{"line":185,"column":36},"end":{"line":185,"column":63}},"26":{"start":{"line":194,"column":36},"end":{"line":194,"column":55}},"27":{"start":{"line":195,"column":36},"end":{"line":195,"column":63}}},"fnMap":{"0":{"name":"(anonymous_0)","decl":{"start":{"line":14,"column":13},"end":{"line":14,"column":14}},"loc":{"start":{"line":14,"column":56},"end":{"line":44,"column":1}}},"1":{"name":"(anonymous_1)","decl":{"start":{"line":55,"column":42},"end":{"line":55,"column":43}},"loc":{"start":{"line":59,"column":5},"end":{"line":206,"column":1}}},"2":{"name":"(anonymous_2)","decl":{"start":{"line":63,"column":25},"end":{"line":63,"column":28}},"loc":{"start":{"line":63,"column":30},"end":{"line":70,"column":5}}},"3":{"name":"(anonymous_3)","decl":{"start":{"line":72,"column":29},"end":{"line":72,"column":32}},"loc":{"start":{"line":72,"column":34},"end":{"line":79,"column":5}}},"4":{"name":"(anonymous_4)","decl":{"start":{"line":81,"column":29},"end":{"line":81,"column":32}},"loc":{"start":{"line":81,"column":34},"end":{"line":83,"column":5}}},"5":{"name":"(anonymous_5)","decl":{"start":{"line":92,"column":27},"end":{"line":92,"column":28}},"loc":{"start":{"line":92,"column":44},"end":{"line":95,"column":5}}},"6":{"name":"(anonymous_6)","decl":{"start":{"line":114,"column":41},"end":{"line":114,"column":42}},"loc":{"start":{"line":115,"column":24},"end":{"line":116,"column":null}}},"7":{"name":"(anonymous_7)","decl":{"start":{"line":117,"column":37},"end":{"line":117,"column":40}},"loc":{"start":{"line":117,"column":43},"end":{"line":117,"column":68}}},"8":{"name":"(anonymous_8)","decl":{"start":{"line":166,"column":49},"end":{"line":166,"column":50}},"loc":{"start":{"line":167,"column":32},"end":{"line":168,"column":null}}},"9":{"name":"(anonymous_9)","decl":{"start":{"line":169,"column":45},"end":{"line":169,"column":48}},"loc":{"start":{"line":169,"column":51},"end":{"line":169,"column":76}}},"10":{"name":"(anonymous_10)","decl":{"start":{"line":183,"column":41},"end":{"line":183,"column":44}},"loc":{"start":{"line":183,"column":46},"end":{"line":186,"column":33}}},"11":{"name":"(anonymous_11)","decl":{"start":{"line":193,"column":41},"end":{"line":193,"column":44}},"loc":{"start":{"line":193,"column":46},"end":{"line":196,"column":33}}}},"branchMap":{"0":{"loc":{"start":{"line":64,"column":8},"end":{"line":69,"column":9}},"type":"if","locations":[{"start":{"line":64,"column":8},"end":{"line":69,"column":9}},{"start":{"line":66,"column":15},"end":{"line":69,"column":9}}]},"1":{"loc":{"start":{"line":73,"column":8},"end":{"line":78,"column":9}},"type":"if","locations":[{"start":{"line":73,"column":8},"end":{"line":78,"column":9}},{"start":{"line":75,"column":15},"end":{"line":78,"column":9}}]},"2":{"loc":{"start":{"line":152,"column":21},"end":{"line":155,"column":null}},"type":"cond-expr","locations":[{"start":{"line":153,"column":24},"end":{"line":153,"column":49}},{"start":{"line":155,"column":24},"end":{"line":155,"column":52}}]},"3":{"loc":{"start":{"line":161,"column":13},"end":{"line":202,"column":null}},"type":"binary-expr","locations":[{"start":{"line":161,"column":13},"end":{"line":161,"column":29}},{"start":{"line":162,"column":16},"end":{"line":201,"column":null}}]}},"s":{"0":0,"1":0,"2":0,"3":0,"4":0,"5":0,"6":0,"7":0,"8":0,"9":0,"10":0,"11":0,"12":0,"13":0,"14":0,"15":0,"16"
[...]
ine":71,"column":47},"end":{"line":71,"column":70}}},"5":{"name":"(anonymous_5)","decl":{"start":{"line":75,"column":33},"end":{"line":75,"column":34}},"loc":{"start":{"line":75,"column":67},"end":{"line":84,"column":1}}},"6":{"name":"(anonymous_6)","decl":{"start":{"line":87,"column":46},"end":{"line":87,"column":47}},"loc":{"start":{"line":87,"column":79},"end":{"line":91,"column":1}}},"7":{"name":"(anonymous_7)","decl":{"start":{"line":89,"column":53},"end":{"line":89,"column":58}},"loc":{"start":{"line":89,"column":62},"end":{"line":89,"column":83}}}},"branchMap":{"0":{"loc":{"start":{"line":41,"column":2},"end":{"line":43,"column":3}},"type":"if","locations":[{"start":{"line":41,"column":2},"end":{"line":43,"column":3}},{"start":{},"end":{}}]},"1":{"loc":{"start":{"line":45,"column":2},"end":{"line":48,"column":3}},"type":"if","locations":[{"start":{"line":45,"column":2},"end":{"line":48,"column":3}},{"start":{},"end":{}}]},"2":{"loc":{"start":{"line":45,"column":6},"end":{"line":45,"column":48}},"type":"binary-expr","locations":[{"start":{"line":45,"column":6},"end":{"line":45,"column":26}},{"start":{"line":45,"column":30},"end":{"line":45,"column":48}}]},"3":{"loc":{"start":{"line":47,"column":4},"end":{"line":47,"column":43}},"type":"if","locations":[{"start":{"line":47,"column":4},"end":{"line":47,"column":43}},{"start":{},"end":{}}]},"4":{"loc":{"start":{"line":50,"column":2},"end":{"line":52,"column":3}},"type":"if","locations":[{"start":{"line":50,"column":2},"end":{"line":52,"column":3}},{"start":{},"end":{}}]},"5":{"loc":{"start":{"line":54,"column":2},"end":{"line":56,"column":3}},"type":"if","locations":[{"start":{"line":54,"column":2},"end":{"line":56,"column":3}},{"start":{},"end":{}}]},"6":{"loc":{"start":{"line":58,"column":2},"end":{"line":60,"column":3}},"type":"if","locations":[{"start":{"line":58,"column":2},"end":{"line":60,"column":3}},{"start":{},"end":{}}]},"7":{"loc":{"start":{"line":62,"column":2},"end":{"line":64,"column":3}},"type":"if","locations":[{"start":{"line":62,"column":2},"end":{"line":64,"column":3}},{"start":{},"end":{}}]},"8":{"loc":{"start":{"line":71,"column":47},"end":{"line":71,"column":70}},"type":"binary-expr","locations":[{"start":{"line":71,"column":47},"end":{"line":71,"column":53}},{"start":{"line":71,"column":57},"end":{"line":71,"column":70}}]},"9":{"loc":{"start":{"line":78,"column":4},"end":{"line":82,"column":27}},"type":"binary-expr","locations":[{"start":{"line":78,"column":4},"end":{"line":78,"column":32}},{"start":{"line":79,"column":4},"end":{"line":79,"column":30}},{"start":{"line":80,"column":4},"end":{"line":80,"column":24}},{"start":{"line":81,"column":4},"end":{"line":81,"column":35}},{"start":{"line":82,"column":4},"end":{"line":82,"column":27}}]},"10":{"loc":{"start":{"line":89,"column":62},"end":{"line":89,"column":83}},"type":"binary-expr","locations":[{"start":{"line":89,"column":62},"end":{"line":89,"column":67}},{"start":{"line":89,"column":71},"end":{"line":89,"column":83}}]}},"s":{"0":1,"1":1,"2":5,"3":1,"4":1,"5":2,"6":1,"7":1,"8":5,"9":5,"10":2,"11":5,"12":4,"13":4,"14":4,"15":5,"16":4,"17":5,"18":3,"19":5,"20":4,"21":5,"22":4,"23":5,"24":1,"25":1,"26":3,"27":18,"28":1,"29":1,"30":4,"31":1,"32":1,"33":5,"34":5,"35":35,"36":5,"37":1},"f":{"0":5,"1":2,"2":5,"3":3,"4":18,"5":4,"6":5,"7":35},"b":{"0":[2,3],"1":[4,1],"2":[5,2],"3":[4,0],"4":[4,1],"5":[3,2],"6":[4,1],"7":[4,1],"8":[18,6],"9":[4,2,2,1,1],"10":[35,19]}}
,"/home/runner/work/BuildFlow/BuildFlow/frontend/src/utils/validation.ts": {"path":"/home/runner/work/BuildFlow/BuildFlow/frontend/src/utils/validation.ts","statementMap":{"0":{"start":{"line":31,"column":29},"end":{"line":53,"column":1}},"1":{"start":{"line":32,"column":27},"end":{"line":32,"column":29}},"2":{"start":{"line":34,"column":2},"end":{"line":47,"column":3}},"3":{"start":{"line":35,"column":4},"end":{"line":35,"column":37}},"4":{"start":{"line":38,"column":23},"end":{"line":38,"column":51}},"5":{"start":{"line":39,"column":4},"end":{"line":41,"column":5}},"6":{"start":{"line":40,"column":6},"end":{"line":40,"column":41}},"7":{"start":{"line":44,"column":4},"end":{"line":46,"column":5}},"8":{"start":{"line":45,"column":6},"end":{"line":45,"column":58}},"9":{"start":{"line":49,"column":2},"end":{"line":52,"column":4}},"10":{"start":{"line":31,"column":13},"end":{"line":31,"column":29}},"11":{"start":{"line":58,"column":32},"end":{"line":103,"column":1}},"12":{"start":{"line":59,"column":27},"end":{"line":59,"column":29}},"13":{"start":{"line":61,"column":2},"end":{"line":64,"column":3}},"14":{"start":{"line":62,"column":4},"end":{"line":62,"column":40}},"15":{"start":{"line":63,"column":4},"end":{"line":63,"column":38}},"16":{"start":{"line":67,"column":2},"end":{"line":69,"column":3}},"17":{"start":{"line":68,"column":4},"end":{"line":68,"column":63}},"18":{"start":{"line":70,"column":2},"end":{"line":72,"column":3}},"19":{"start":{"line":71,"column":4},"end":{"line":71,"column":59}},"20":{"start":{"line":75,"column":2},"end":{"line":77,"column":3}},"21":{"start":{"line":76,"column":4},"end":{"line":76,"column":71}},"22":{"start":{"line":80,"column":2},"end":{"line":82,"column":3}},"23":{"start":{"line":81,"column":4},"end":{"line":81,"column":71}},"24":{"start":{"line":85,"column":2},"end":{"line":87,"column":3}},"25":{"start":{"line":86,"column":4},"end":{"line":86,"column":60}},"26":{"start":{"line":90,"column":2},"end":{"line":92,"column":3}},"27":{"start":{"line":91,"column":4},"end":{"line":91,"column":83}},"28":{"start":{"line":95,"column":2},"end":{"line":97,"column":3}},"29":{"start":{"line":96,"column":4},"end":{"line":96,"column":96}},"30":{"start":{"line":99,"column":2},"end":{"line":102,"column":4}},"31":{"start":{"line":58,"column":13},"end":{"line":58,"column":32}},"32":{"start":{"line":108,"column":39},"end":{"line":121,"column":1}},"33":{"start":{"line":109,"column":27},"end":{"line":109,"column":29}},"34":{"start":{"line":111,"column":2},"end":{"line":115,"column":3}},"35":{"start":{"line":112,"column":4},"end":{"line":112,"column":53}},"36":{"start":{"line":113,"column":9},"end":{"line":115,"column":3}},"37":{"start":{"line":114,"column":4},"end":{"line":114,"column":42}},"38":{"start":{"line":117,"column":2},"end":{"line":120,"column":4}},"39":{"start":{"line":108,"column":13},"end":{"line":108,"column":39}},"40":{"start":{"line":126,"column":29},"end":{"line":147,"column":1}},"41":{"start":{"line":127,"column":27},"end":{"line":127,"column":29}},"42":{"start":{"line":130,"column":2},"end":{"line":141,"column":3}},"43":{"start":{"line":132,"column":4},"end":{"line":134,"column":5}},"44":{"start":{"line":133,"column":6},"end":{"line":133,"column":64}},"45":{"start":{"line":137,"column":23},"end":{"line":137,"column":57}},"46":{"start":{"line":138,"column":4},"end":{"line":140,"column":5}},"47":{"start":{"line":139,"column":6},"end":{"line":139,"column":81}},"48":{"start":{"line":143,"column":2},"end":{"line":146,"column":4}},"49":{"start":{"line":126,"column":13},"end":{"line":126,"column":29}},"50":{"start":{"line":152,"column":36},"end":{"line":172,"column":1}},"51":{"start":{"line":153,"column":27},"end":{"line":153,"column":29}},"52":{"start":{"line":156,"column":2},"end":{"line":166,"column":3}},"53":{"start":{"line":158,"column":4},"end":{"line":160,"column":5}},"54":{"start":{"line":159,"column":6},"end":{"line":159,"column":65}},"55":{"start":{"line":163,"column":4},"end":{"line":165,"column":5}},"56":{"start":{"line":164,"column":6},"end":{"line":164,"column":61}},"57":{"start":{"line":168,"column":2},"end":{"line":171,"column":4}},"58":{"start":{"line":152,"column":13},"end":{"line":152,"column":36}},"59":{"start":{"line":177,"column":33},"end":{"line":190,"column":1}},"60":{"start":{"line":178,"column":27},"end":{"line":178,"column":29}},"61":{"start":{"line":180,"column":2},"end":{"line":184,"column":3}},"62":{"start":{"line":181,"column":4},"end":{"line":181,"column":42}},"63":{"start":{"line":182,"column":9},"end":{"line":184,"column":3}},"64":{"start":{"line":183,"column":4},"end":{"line":183,"column":61}},"65":{"start":{"line":186,"column":2},"end":{"line":189,"column":4}},"66":{"start":{"line":177,"column":13},"end":{"line":177,"column":33}},"67":{"start":{"line":195,"column":32},"end":{"line":208,"column":1}},"68":{"start":{"line":196,"column":27},"end":{"line":196,"column":29}},"69":{"start":{"line":198,"column":2},"end":{"line":202,"column":3}},"70":{"start":{"line":199,"column":4},"end":{"line":199,"column":41}},"71":{"start":{"line":200,"column":9},"end":{"line":202,"column":3}},"72":{"start":{"line":201,"column":4},"end":{"line":201,"column":60}},"73":{"start":{"line":204,"column":2},"end":{"line":207,"column":4}},"74":{"start":{"line":195,"column":13},"end":{"line":195,"column":32}},"75":{"start":{"line":213,"column":38},"end":{"line":234,"column":1}},"76":{"start":{"line":214,"column":27},"end":{"line":214,"column":29}},"77":{"start":{"line":217,"column":2},"end":{"line":221,"column":3}},"78":{"start":{"line":218,"column":4},"end":{"line":218,"column":42}},"79":{"start":{"line":219,"column":9},"end":{"line":221,"column":3}},"80":{"start":{"line":220,"column":4},"end":{"line":220,"column":61}},"81":{"start":{"line":224,"column":2},"end":{"line":228,"column":3}},"82":{"start":{"line":225,"column":4},"end":{"line":225,"column":41}},"83":{"start":{"line":226,"column":9},"end":{"line":228,"column":3}},"84":{"start":{"line":227,"column":4},"end":{"line":227,"column":60}},"85":{"start":{"line":230,"column":2},"end":{"line":233,"column":4}},"86":{"start":{"line":213,"column":13},"end":{"line":213,"column":38}},"87":{"start":{"line":240,"column":34},"end":{"line":273,"column":1}},"88":{"start":{"line":241,"column":30},"end":{"line":241,"column":67}},"89":{"start":{"line":242,"column":29},"end":{"line":242,"column":64}},"90":{"start":{"line":243,"column":26},"end":{"line":243,"column":55}},"91":{"start":{"line":244,"column":29},"end":{"line":244,"column":64}},"92":{"start":{"line":245,"column":36},"end":{"line":245,"column":104}},"93":{"start":{"line":246,"column":26},"end":{"line":246,"column":55}},"94":{"start":{"line":247,"column":33},"end":{"line":247,"column":76}},"95":{"start":{"line":248,"column":35},"end":{"line":248,"column":67}},"96":{"start":{"line":251,"column":4},"end":{"line":258,"column":36}},"97":{"start":{"line":260,"column":2},"end":{"line":272,"column":4}},"98":{"start":{"line":240,"column":13},"end":{"line":240,"column":34}},"99":{"start":{"line":278,"column":38},"end":{"line":287,"column":1}},"100":{"start":{"line":279,"column":21},"end":{"line":279,"column":49}},"101":{"start":{"line":280,"column":30},"end":{"line":280,"column":32}},"102":{"start":{"line":282,"column":2},"end":{"line":284,"column":5}},"103":{"start":{"line":283,"column":4},"end":{"line":283,"column":46}},"104":{"start":{"line":286,"column":2},"end":{"line":286,"column":19}},"105":{"start":{"line":278,"column":13},"end":{"line":278,"column":38}}},"fnMap":{"0":{"name":"(anonymous_0)","decl":{"start":{"line":31,"column":29},"end":{"line":31,"column":30}},"loc":{"start":{"line":31,"column":65},"end":{"line":53,"column":1}}},"1":{"name":"(anonymous_1)","decl":{"start":{"line":58,"column":32},"end":{"line":58,"column":33}},"loc":{"start":{"line":58,"column":71},"end":{"line":103,"column":1}}},"2":{"name":"(anonymous_2)","decl":{"start":{"line":108,"column":39},"end":{"line":108,"column":40}},"loc":{"start":{"line":108,"column":103},"end":{"line":121,"column":1}}},"3":{"name":"(anonymous_3)","decl":{"start":{"line":126,"column":29},"end":{"line":126,"column":30}},"loc":{"start":{"line":126,"column":65},"end":{"line":147,"column":1}}},"4":{"name":"(anonymous_4)","decl":{"start":{"line":152,"column":36},"end":{"line":152,"column":37}},"loc":{"start":{"line":152,"column":79},"end":{"line":172,"column":1}}},"5":{"name":"(anonymous_5)","decl":{"start":{"line":177,"column":33},"end":{"line":177,"column":34}},"loc":{"start":{"line":177,"column":73},"end":{"line":190,"column":1}}},"6":{"name":"(anonymous_6)","decl":{"start":{"line":195,"column":32},"end":{"line":195,"column":33}},"loc":{"start":{"line":195,"column":71},"end":{"line":208,"column":1}}},"7":{"name":"(anonymous_7)","decl":{"start":{"line":213,"column":38},"end":{"line":213,"column":39}},"loc":{"start":{"line":213,"column":85},"end":{"line":234,"column":1}}},"8":{"name":"(anonymous_8)","decl":{"start":{"line":240,"column":34},"end":{"line":240,"column":35}},"loc":{"start":{"line":240,"column":63},"end":{"line":273,"column":1}}},"9":{"name":"(anonymous_9)","decl":{"start":{"line":278,"column":38},"end":{"line":278,"column":39}},"loc":{"start":{"line":278,"column":77},"end":{"line":287,"column":1}}},"10":{"name":"(anonymous_10)","decl":{"start":{"line":282,"column":48},"end":{"line":282,"column":63}},"loc":{"start":{"line":282,"column":66},"end":{"line":284,"column":3}}}},"branchMap":{"0":{"loc":{"start":{"line":34,"column":2},"end":{"line":47,"column":3}},"type":"if","locations":[{"start":{"line":34,"column":2},"end":{"line":47,"column":3}},{"start":{"line":36,"column":9},"end":{"line":47,"column":3}}]},"1":{"loc":{"start":{"line":39,"column":4},"end":{"line":41,"column":5}},"type":"if","locations":[{"start":{"line":39,"column":4},"end":{"line":41,"column":5}},{"start":{},"end":{}}]},"2":{"loc":{"start":{"line":44,"column":4},"end":{"line":46,"column":5}},"type":"if","locations":[{"start":{"line":44,"column":4},"end":{"line":46,"column":5}},{"start":{},"end":{}}]},"3":{"loc":{"start":{"line":61,"column":2},"end":{"line":64,"column":3}},"type":"if","locations":[{"start":{"line":61,"column":2},"end":{"line":64,"column":3}},{"start":{},"end":{}}]},"4":{"loc":{"start":{"line":67,"column":2},"end":{"line":69,"column":3}},"type":"if","locations":[{"start":{"line":67,"column":2},"end":{"line":69,"column":3}},{"start":{},"end":{}}]},"5":{"loc":{"start":{"line":70,"column":2},"end":{"line":72,"column":3}},"type":"if","locations":[{"start":{"line":70,"column":2},"end":{"line":72,"column":3}},{"start":{},"end":{}}]},"6":{"loc":{"start":{"line":75,"column":2},"end":{"line":77,"column":3}},"type":"if","locations":[{"start":{"line":75,"column":2},"end":{"line":77,"column":3}},{"start":{},"end":{}}]},"7":{"loc":{"start":{"line":80,"column":2},"end":{"line":82,"column":3}},"type":"if","locations":[{"start":{"line":80,"column":2},"end":{"line":82,"column":3}},{"start":{},"end":{}}]},"8":{"loc":{"start":{"line":85,"column":2},"end":{"line":87,"column":3}},"type":"if","locations":[{"start":{"line":85,"column":2},"end":{"line":87,"column":3}},{"start":{},"end":{}}]},"9":{"loc":{"start":{"line":90,"column":2},"end":{"line":92,"column":3}},"type":"if","locations":[{"start":{"line":90,"column":2},"end":{"line":92,"column":3}},{"start":{},"end":{}}]},"10":{"loc":{"start":{"line":95,"column":2},"end":{"line":97,"column":3}},"type":"if","locations":[{"start":{"line":95,"column":2},"end":{"line":97,"column":3}},{"start":{},"end":{}}]},"11":{"loc":{"start":{"line":111,"column":2},"end":{"line":115,"column":3}},"type":"if","locations":[{"start":{"line":111,"column":2},"end":{"line":115,"column":3}},{"start":{"line":113,"column":9},"end":{"line":115,"column":3}}]},"12":{"loc":{"start":{"line":113,"column":9},"end":{"line":115,"column":3}},"type":"if","locations":[{"start":{"line":113,"column":9},"end":{"line":115,"column":3}},{"start":{},"end":{}}]},"13":{"loc":{"start":{"line":130,"column":2},"end":{"line":141,"column":3}},"type":"if","locations":[{"start":{"line":130,"column":2},"end":{"line":141,"column":3}},{"start":{},"end":{}}]},"14":{"loc":{"start":{"line":132,"column":4},"end":{"line":134,"column":5}},"type":"if","locations":[{"start":{"line":132,"column":4},"end":{"line":134,"column":5}},{"start":{},"end":{}}]},"15":{"loc":{"start":{"line":138,"column":4},"end":{"line":140,"column":5}},"type":"if","locations":[{"start":{"line":138,"column":4},"end":{"line":140,"column":5}},{"start":{},"end":{}}]},"16":{"loc":{"start":{"line":156,"column":2},"end":{"line":166,"column":3}},"type":"if","locations":[{"start":{"line":156,"column":2},"end":{"line":166,"column":3}},{"start":{},"end":{}}]},"17":{"loc":{"start":{"line":158,"column":4},"end":{"line":160,"column":5}},"type":"if","locations":[{"start":{"line":158,"column":4},"end":{"line":160,"column":5}},{"start":{},"end":{}}]},"18":{"loc":{"start":{"line":163,"column":4},"end":{"line":165,"column":5}},"type":"if","locations":[{"start":{"line":163,"column":4},"end":{"line":165,"column":5}},{"start":{},"end":{}}]},"19":{"loc":{"start":{"line":180,"column":2},"end":{"line":184,"column":3}},"type":"if","locations":[{"start":{"line":180,"column":2},"end":{"line":184,"column":3}},{"start":{"line":182,"column":9},"end":{"line":184,"column":3}}]},"20":{"loc":{"start":{"line":182,"column":9},"end":{"line":184,"column":3}},"type":"if","locations":[{"start":{"line":182,"column":9},"end":{"line":184,"column":3}},{"start":{},"end":{}}]},"21":{"loc":{"start":{"line":198,"column":2},"end":{"line":202,"column":3}},"type":"if","locations":[{"start":{"line":198,"column":2},"end":{"line":202,"column":3}},{"start":{"line":200,"column":9},"end":{"line":202,"column":3}}]},"22":{"loc":{"start":{"line":200,"column":9},"end":{"line":202,"column":3}},"type":"if","locations":[{"start":{"line":200,"column":9},"end":{"line":202,"column":3}},{"start":{},"end":{}}]},"23":{"loc":{"start":{"line":217,"column":2},"end":{"line":221,"column":3}},"type":"if","locations":[{"start":{"line":217,"column":2},"end":{"line":221,"column":3}},{"start":{"line":219,"column":9},"end":{"line":221,"column":3}}]},"24":{"loc":{"start":{"line":219,"column":9},"end":{"line":221,"column":3}},"type":"if","locations":[{"start":{"line":219,"column":9},"end":{"line":221,"column":3}},{"start":{},"end":{}}]},"25":{"loc":{"start":{"line":224,"column":2},"end":{"line":228,"column":3}},"type":"if","locations":[{"start":{"line":224,"column":2},"end":{"line":228,"column":3}},{"start":{"line":226,"column":9},"end":{"line":228,"column":3}}]},"26":{"loc":{"start":{"line":226,"column":9},"end":{"line":228,"column":3}},"type":"if","locations":[{"start":{"line":226,"column":9},"end":{"line":228,"column":3}},{"start":{},"end":{}}]},"27":{"loc":{"start":{"line":251,"column":4},"end":{"line":258,"column":36}},"type":"binary-expr","locations":[{"start":{"line":251,"column":4},"end":{"line":251,"column":31}},{"start":{"line":252,"column":4},"end":{"line":252,"column":30}},{"start":{"line":253,"column":4},"end":{"line":253,"column":27}},{"start":{"line":254,"column":4},"end":{"line":254,"column":30}},{"start":{"line":255,"column":4},"end":{"line":255,"column":37}},{"start":{"line":256,"column":4},"end":{"line":256,"column":27}},{"start":{"line":257,"column":4},"end":{"line":257,"column":34}},{"start":{"line":258,"column":4},"end":{"line":258,"column":36}}]}},"s":{"0":1,"1":10,"2":10,"3":1,"4":9,"5":9,"6":4,"7":9,"8":1,"9":10,"10":1,"11":1,"12":14,"13":14,"14":1,"15":1,"16":13,"17":2,"18":13,"19":1,"20":13,"21":1,"22":13,"23":2,"24":13,"25":2,"26":13,"27":3,"28":13,"29":1,"30":13,"31":1,"32":1,"33":7,"34":7,"35":1,"36":6,"37":2,"38":7,"39":1,"40":1,"41":13,"42":13,"43":11,"44":1,"45":11,"46":11,"47":6,"48":13,"49":1,"50":1,"51":8,"52":8,"53":6,"54":1,"55":6,"56":2,"57":8,"58":1,"59":1,"60":7,"61":7,"62":3,"63":4,"64":1,"65":7,"66":1,"67":1,"68":7,"69":7,"70":2,"71":5,"72":1,"73":7,"74":1,"75":1,"76":4,"77":4,"78":2,"79":2,"80":0,"81":4,"82":1,"83":3,"84":0,"85":4,"86":1,"87":1,"88":4,"89":4,"90":4,"91":4,"92":4,"93":4,"94":4,"95":4,"96":4,"97":4,"98":1,"99":1,"100":2,"101":2,"102":2,"103":16,"104":2,"105":1},"f":{"0":10,"1":14,"2":7,"3":13,"4":8,"5":7,"6":7,"7":4,"8":4,"9":2,"10":16},"b":{"0":[1,9],"1":[4,5],"2":[1,8],"3":[1,13],"4":[2,11],"5":[1,12],"6":[1,12],"7":[2,11],"8":[2,11],"9":[3,10],"10":[1,12],"11":[1,6],"12":[2,4],"13":[11,2],"14":[1,10],"15":[6,5],"16":[6,2],"17":[1,5],"18":[2,4],"19":[3,4],"20":[1,3],"21":[2,5],"22":[1,4],"23":[2,2],"24":[0,2],"25":[1,3],"26":[0,3],"27":[4,2,2,2,2,2,2,2]}}
}
