TN:
SF:src/App.tsx
FN:17,App
FNF:1
FNH:0
FNDA:0,App
DA:18,0
LF:1
LH:0
BRF:0
BRH:0
end_of_record
TN:
SF:src/components/address/AddressFields.tsx
FN:22,(anonymous_0)
FN:39,(anonymous_1)
FN:44,(anonymous_2)
FN:57,(anonymous_3)
FN:74,(anonymous_4)
FN:79,(anonymous_5)
FN:92,(anonymous_6)
FN:109,(anonymous_7)
FN:114,(anonymous_8)
FN:127,(anonymous_9)
FN:144,(anonymous_10)
FN:149,(anonymous_11)
FN:162,(anonymous_12)
FN:179,(anonymous_13)
FN:184,(anonymous_14)
FN:197,(anonymous_15)
FN:214,(anonymous_16)
FN:219,(anonymous_17)
FN:232,(anonymous_18)
FN:249,(anonymous_19)
FN:254,(anonymous_20)
FN:283,(anonymous_21)
FN:306,(anonymous_22)
FN:313,(anonymous_23)
FN:322,(anonymous_24)
FN:331,(anonymous_25)
FN:338,(anonymous_26)
FN:348,(anonymous_27)
FN:355,(anonymous_28)
FNF:29
FNH:0
FNDA:0,(anonymous_0)
FNDA:0,(anonymous_1)
FNDA:0,(anonymous_2)
FNDA:0,(anonymous_3)
FNDA:0,(anonymous_4)
FNDA:0,(anonymous_5)
FNDA:0,(anonymous_6)
FNDA:0,(anonymous_7)
FNDA:0,(anonymous_8)
FNDA:0,(anonymous_9)
FNDA:0,(anonymous_10)
FNDA:0,(anonymous_11)
FNDA:0,(anonymous_12)
FNDA:0,(anonymous_13)
FNDA:0,(anonymous_14)
FNDA:0,(anonymous_15)
FNDA:0,(anonymous_16)
FNDA:0,(anonymous_17)
FNDA:0,(anonymous_18)
FNDA:0,(anonymous_19)
FNDA:0,(anonymous_20)
FNDA:0,(anonymous_21)
FNDA:0,(anonymous_22)
FNDA:0,(anonymous_23)
FNDA:0,(anonymous_24)
FNDA:0,(anonymous_25)
FNDA:0,(anonymous_26)
FNDA:0,(anonymous_27)
FNDA:0,(anonymous_28)
DA:22,0
DA:31,0
DA:39,0
DA:45,0
DA:57,0
DA:66,0
DA:74,0
DA:80,0
DA:92,0
DA:101,0
DA:109,0
DA:115,0
DA:127,0
DA:136,0
DA:144,0
DA:150,0
DA:162,0
DA:171,0
DA:179,0
DA:185,0
DA:197,0
DA:206,0
DA:214,0
DA:220,0
DA:232,0
DA:241,0
DA:249,0
DA:255,0
DA:283,0
DA:292,0
DA:306,0
DA:313,0
DA:322,0
DA:331,0
DA:338,0
DA:348,0
DA:355,0
LF:37
LH:0
BRDA:23,0,0,0
BRDA:26,1,0,0
BRDA:27,2,0,0
BRDA:28,3,0,0
BRDA:29,4,0,0
BRDA:37,5,0,0
BRDA:37,5,1,0
BRDA:42,6,0,0
BRDA:42,6,1,0
BRDA:58,7,0,0
BRDA:61,8,0,0
BRDA:62,9,0,0
BRDA:63,10,0,0
BRDA:64,11,0,0
BRDA:72,12,0,0
BRDA:72,12,1,0
BRDA:77,13,0,0
BRDA:77,13,1,0
BRDA:93,14,0,0
BRDA:96,15,0,0
BRDA:97,16,0,0
BRDA:98,17,0,0
BRDA:99,18,0,0
BRDA:107,19,0,0
BRDA:107,19,1,0
BRDA:112,20,0,0
BRDA:112,20,1,0
BRDA:128,21,0,0
BRDA:131,22,0,0
BRDA:132,23,0,0
BRDA:133,24,0,0
BRDA:134,25,0,0
BRDA:142,26,0,0
BRDA:142,26,1,0
BRDA:147,27,0,0
BRDA:147,27,1,0
BRDA:163,28,0,0
BRDA:166,29,0,0
BRDA:167,30,0,0
BRDA:168,31,0,0
BRDA:169,32,0,0
BRDA:177,33,0,0
BRDA:177,33,1,0
BRDA:182,34,0,0
BRDA:182,34,1,0
BRDA:198,35,0,0
BRDA:201,36,0,0
BRDA:202,37,0,0
BRDA:203,38,0,0
BRDA:204,39,0,0
BRDA:212,40,0,0
BRDA:212,40,1,0
BRDA:217,41,0,0
BRDA:217,41,1,0
BRDA:233,42,0,0
BRDA:236,43,0,0
BRDA:237,44,0,0
BRDA:238,45,0,0
BRDA:239,46,0,0
BRDA:247,47,0,0
BRDA:247,47,1,0
BRDA:252,48,0,0
BRDA:252,48,1,0
BRDA:286,49,0,0
BRDA:287,50,0,0
BRDA:288,51,0,0
BRDA:289,52,0,0
BRDA:290,53,0,0
BRDA:295,54,0,0
BRDA:295,54,1,0
BRDA:305,55,0,0
BRDA:305,55,1,0
BRDA:312,56,0,0
BRDA:312,56,1,0
BRDA:347,57,0,0
BRDA:347,57,1,0
BRF:76
BRH:0
end_of_record
TN:
SF:src/components/admin/UserDetailsDrawer.tsx
FN:35,(anonymous_0)
FN:46,(anonymous_1)
FN:57,(anonymous_2)
FN:72,(anonymous_3)
FN:176,(anonymous_4)
FNF:5
FNH:0
FNDA:0,(anonymous_0)
FNDA:0,(anonymous_1)
FNDA:0,(anonymous_2)
FNDA:0,(anonymous_3)
FNDA:0,(anonymous_4)
DA:35,0
DA:41,0
DA:42,0
DA:45,0
DA:46,0
DA:47,0
DA:48,0
DA:57,0
DA:58,0
DA:60,0
DA:62,0
DA:64,0
DA:66,0
DA:68,0
DA:72,0
DA:73,0
DA:78,0
DA:79,0
DA:80,0
DA:81,0
DA:83,0
DA:177,0
LF:22
LH:0
BRDA:41,0,0,0
BRDA:41,0,1,0
BRDA:47,1,0,0
BRDA:47,1,1,0
BRDA:58,2,0,0
BRDA:58,2,1,0
BRDA:58,2,2,0
BRDA:58,2,3,0
BRDA:58,2,4,0
BRDA:73,3,0,0
BRDA:73,3,1,0
BRDA:93,4,0,0
BRDA:93,4,1,0
BRDA:105,5,0,0
BRDA:105,5,1,0
BRDA:116,6,0,0
BRDA:116,6,1,0
BRDA:133,7,0,0
BRDA:133,7,1,0
BRDA:144,8,0,0
BRDA:144,8,1,0
BRDA:150,9,0,0
BRDA:150,9,1,0
BRDA:153,10,0,0
BRDA:153,10,1,0
BRDA:159,11,0,0
BRDA:159,11,1,0
BRDA:170,12,0,0
BRDA:170,12,1,0
BRDA:170,12,2,0
BRDA:225,13,0,0
BRDA:225,13,1,0
BRDA:240,14,0,0
BRDA:240,14,1,0
BRF:34
BRH:0
end_of_record
TN:
SF:src/components/admin/Users.tsx
FN:42,(anonymous_0)
FN:54,(anonymous_1)
FN:60,(anonymous_2)
FN:64,(anonymous_3)
FN:89,(anonymous_4)
FN:93,(anonymous_5)
FN:114,(anonymous_6)
FN:119,(anonymous_7)
FN:130,(anonymous_8)
FN:147,(anonymous_9)
FN:326,(anonymous_10)
FN:334,(anonymous_11)
FN:360,(anonymous_12)
FN:377,(anonymous_13)
FN:451,(anonymous_14)
FN:477,(anonymous_15)
FNF:16
FNH:0
FNDA:0,(anonymous_0)
FNDA:0,(anonymous_1)
FNDA:0,(anonymous_2)
FNDA:0,(anonymous_3)
FNDA:0,(anonymous_4)
FNDA:0,(anonymous_5)
FNDA:0,(anonymous_6)
FNDA:0,(anonymous_7)
FNDA:0,(anonymous_8)
FNDA:0,(anonymous_9)
FNDA:0,(anonymous_10)
FNDA:0,(anonymous_11)
FNDA:0,(anonymous_12)
FNDA:0,(anonymous_13)
FNDA:0,(anonymous_14)
FNDA:0,(anonymous_15)
DA:42,0
DA:43,0
DA:44,0
DA:45,0
DA:46,0
DA:47,0
DA:48,0
DA:49,0
DA:50,0
DA:53,0
DA:54,0
DA:57,0
DA:60,0
DA:61,0
DA:63,0
DA:64,0
DA:65,0
DA:68,0
DA:71,0
DA:74,0
DA:75,0
DA:76,0
DA:77,0
DA:78,0
DA:82,0
DA:84,0
DA:89,0
DA:90,0
DA:93,0
DA:94,0
DA:95,0
DA:96,0
DA:99,0
DA:102,0
DA:104,0
DA:105,0
DA:107,0
DA:108,0
DA:110,0
DA:114,0
DA:115,0
DA:116,0
DA:119,0
DA:120,0
DA:121,0
DA:130,0
DA:131,0
DA:133,0
DA:135,0
DA:137,0
DA:139,0
DA:141,0
DA:143,0
DA:147,0
DA:148,0
DA:153,0
DA:154,0
DA:164,0
DA:165,0
DA:202,0
DA:326,0
DA:334,0
DA:361,0
DA:364,0
DA:365,0
DA:366,0
DA:369,0
DA:370,0
DA:371,0
DA:373,0
DA:379,0
DA:380,0
DA:451,0
DA:477,0
LF:74
LH:0
BRDA:61,0,0,0
BRDA:61,0,1,0
BRDA:68,1,0,0
BRDA:68,1,1,0
BRDA:71,2,0,0
BRDA:71,2,1,0
BRDA:74,3,0,0
BRDA:74,3,1,0
BRDA:76,4,0,0
BRDA:76,4,1,0
BRDA:77,5,0,0
BRDA:77,5,1,0
BRDA:78,6,0,0
BRDA:78,6,1,0
BRDA:82,7,0,0
BRDA:82,7,1,0
BRDA:108,8,0,0
BRDA:108,8,1,0
BRDA:120,9,0,0
BRDA:120,9,1,0
BRDA:131,10,0,0
BRDA:131,10,1,0
BRDA:133,11,0,0
BRDA:133,11,1,0
BRDA:133,11,2,0
BRDA:133,11,3,0
BRDA:133,11,4,0
BRDA:148,12,0,0
BRDA:148,12,1,0
BRDA:153,13,0,0
BRDA:153,13,1,0
BRDA:164,14,0,0
BRDA:164,14,1,0
BRDA:212,15,0,0
BRDA:212,15,1,0
BRDA:298,16,0,0
BRDA:298,16,1,0
BRDA:308,17,0,0
BRDA:308,17,1,0
BRDA:330,18,0,0
BRDA:330,18,1,0
BRDA:343,19,0,0
BRDA:343,19,1,0
BRDA:364,20,0,0
BRDA:364,20,1,0
BRDA:379,21,0,0
BRDA:379,21,1,0
BRDA:387,22,0,0
BRDA:387,22,1,0
BRDA:390,23,0,0
BRDA:390,23,1,0
BRDA:398,24,0,0
BRDA:398,24,1,0
BRDA:403,25,0,0
BRDA:403,25,1,0
BRDA:411,26,0,0
BRDA:411,26,1,0
BRDA:414,27,0,0
BRDA:414,27,1,0
BRDA:428,28,0,0
BRDA:428,28,1,0
BRDA:432,29,0,0
BRDA:432,29,1,0
BRDA:375,30,0,0
BRDA:375,30,1,0
BRDA:464,31,0,0
BRDA:464,31,1,0
BRDA:464,31,2,0
BRDA:466,32,0,0
BRDA:466,32,1,0
BRDA:484,33,0,0
BRDA:484,33,1,0
BRF:72
BRH:0
end_of_record
TN:
SF:src/components/home/Auth.tsx
FN:19,(anonymous_0)
FN:25,(anonymous_1)
FN:26,(anonymous_2)
FN:36,(anonymous_3)
FN:48,(anonymous_4)
FN:54,(anonymous_5)
FN:55,(anonymous_6)
FN:98,(anonymous_7)
FN:117,(anonymous_8)
FNF:9
FNH:0
FNDA:0,(anonymous_0)
FNDA:0,(anonymous_1)
FNDA:0,(anonymous_2)
FNDA:0,(anonymous_3)
FNDA:0,(anonymous_4)
FNDA:0,(anonymous_5)
FNDA:0,(anonymous_6)
FNDA:0,(anonymous_7)
FNDA:0,(anonymous_8)
DA:19,0
DA:20,0
DA:21,0
DA:22,0
DA:25,0
DA:26,0
DA:27,0
DA:28,0
DA:30,0
DA:31,0
DA:36,0
DA:37,0
DA:38,0
DA:39,0
DA:42,0
DA:43,0
DA:46,0
DA:48,0
DA:49,0
DA:50,0
DA:54,0
DA:55,0
DA:57,0
DA:98,0
DA:118,0
LF:25
LH:0
BRDA:19,0,0,0
BRDA:28,1,0,0
BRDA:28,1,1,0
BRDA:30,2,0,0
BRDA:30,2,1,0
BRF:5
BRH:0
end_of_record
TN:
SF:src/components/home/Brands.tsx
FN:33,(anonymous_0)
FN:95,(anonymous_1)
FN:96,(anonymous_2)
FN:144,(anonymous_3)
FN:168,(anonymous_4)
FN:187,(anonymous_5)
FNF:6
FNH:6
FNDA:10,(anonymous_0)
FNDA:30,(anonymous_1)
FNDA:150,(anonymous_2)
FNDA:30,(anonymous_3)
FNDA:60,(anonymous_4)
FNDA:60,(anonymous_5)
DA:1,1
DA:3,1
DA:33,1
DA:34,10
DA:35,10
DA:62,10
DA:95,10
DA:96,30
DA:97,150
DA:105,10
DA:145,30
DA:168,60
DA:188,60
DA:235,1
LF:14
LH:14
BRDA:33,0,0,9
BRDA:99,1,0,150
BRDA:99,1,1,0
BRF:3
BRH:2
end_of_record
TN:
SF:src/components/home/Contact.tsx
FN:40,(anonymous_0)
FN:51,(anonymous_1)
FN:69,(anonymous_2)
FN:70,(anonymous_3)
FN:131,(anonymous_4)
FN:179,(anonymous_5)
FN:183,(anonymous_6)
FN:206,(anonymous_7)
FN:217,(anonymous_8)
FN:232,(anonymous_9)
FN:242,(anonymous_10)
FN:255,(anonymous_11)
FN:268,(anonymous_12)
FNF:13
FNH:0
FNDA:0,(anonymous_0)
FNDA:0,(anonymous_1)
FNDA:0,(anonymous_2)
FNDA:0,(anonymous_3)
FNDA:0,(anonymous_4)
FNDA:0,(anonymous_5)
FNDA:0,(anonymous_6)
FNDA:0,(anonymous_7)
FNDA:0,(anonymous_8)
FNDA:0,(anonymous_9)
FNDA:0,(anonymous_10)
FNDA:0,(anonymous_11)
FNDA:0,(anonymous_12)
DA:40,0
DA:41,0
DA:51,0
DA:52,0
DA:54,0
DA:55,0
DA:58,0
DA:69,0
DA:70,0
DA:73,0
DA:100,0
DA:107,0
DA:132,0
DA:180,0
DA:183,0
DA:206,0
DA:217,0
DA:232,0
DA:242,0
DA:255,0
DA:268,0
LF:21
LH:0
BRDA:40,0,0,0
BRDA:185,1,0,0
BRDA:185,1,1,0
BRF:3
BRH:0
end_of_record
TN:
SF:src/components/home/Credentials.tsx
FN:36,(anonymous_0)
FN:60,(anonymous_1)
FN:69,(anonymous_2)
FN:99,(anonymous_3)
FN:109,(anonymous_4)
FN:142,(anonymous_5)
FNF:6
FNH:0
FNDA:0,(anonymous_0)
FNDA:0,(anonymous_1)
FNDA:0,(anonymous_2)
FNDA:0,(anonymous_3)
FNDA:0,(anonymous_4)
FNDA:0,(anonymous_5)
DA:36,0
DA:44,0
DA:61,0
DA:69,0
DA:78,0
DA:79,0
DA:80,0
DA:82,0
DA:100,0
DA:109,0
DA:119,0
DA:143,0
LF:12
LH:0
BRDA:40,0,0,0
BRDA:41,1,0,0
BRDA:42,2,0,0
BRDA:52,3,0,0
BRDA:52,3,1,0
BRDA:52,4,0,0
BRDA:52,4,1,0
BRDA:58,5,0,0
BRDA:58,5,1,0
BRDA:73,6,0,0
BRDA:74,7,0,0
BRDA:75,8,0,0
BRDA:79,9,0,0
BRDA:79,9,1,0
BRDA:91,10,0,0
BRDA:91,10,1,0
BRDA:91,11,0,0
BRDA:91,11,1,0
BRDA:97,12,0,0
BRDA:97,12,1,0
BRDA:116,13,0,0
BRDA:117,14,0,0
BRDA:125,15,0,0
BRDA:125,15,1,0
BRDA:127,16,0,0
BRDA:127,16,1,0
BRDA:127,17,0,0
BRDA:127,17,1,0
BRDA:137,18,0,0
BRDA:137,18,1,0
BRDA:140,19,0,0
BRDA:140,19,1,0
BRF:32
BRH:0
end_of_record
TN:
SF:src/components/home/Features.tsx
FN:29,(anonymous_0)
FN:98,(anonymous_1)
FN:121,(anonymous_2)
FN:142,(anonymous_3)
FNF:4
FNH:0
FNDA:0,(anonymous_0)
FNDA:0,(anonymous_1)
FNDA:0,(anonymous_2)
FNDA:0,(anonymous_3)
DA:29,0
DA:30,0
DA:81,0
DA:99,0
DA:122,0
DA:143,0
DA:144,0
DA:145,0
LF:8
LH:0
BRDA:29,0,0,0
BRDA:144,1,0,0
BRDA:144,1,1,0
BRF:3
BRH:0
end_of_record
TN:
SF:src/components/home/Footer.tsx
FN:27,(anonymous_0)
FN:28,(anonymous_1)
FN:105,(anonymous_2)
FN:174,(anonymous_3)
FN:190,(anonymous_4)
FN:196,(anonymous_5)
FNF:6
FNH:0
FNDA:0,(anonymous_0)
FNDA:0,(anonymous_1)
FNDA:0,(anonymous_2)
FNDA:0,(anonymous_3)
FNDA:0,(anonymous_4)
FNDA:0,(anonymous_5)
DA:27,0
DA:28,0
DA:29,0
DA:31,0
DA:34,0
DA:77,0
DA:105,0
DA:106,0
DA:134,0
DA:175,0
DA:191,0
DA:197,0
LF:12
LH:0
BRDA:27,0,0,0
BRF:1
BRH:0
end_of_record
TN:
SF:src/components/home/Hero.tsx
FN:19,(anonymous_0)
FN:22,(anonymous_1)
FN:27,(anonymous_2)
FNF:3
FNH:0
FNDA:0,(anonymous_0)
FNDA:0,(anonymous_1)
FNDA:0,(anonymous_2)
DA:19,0
DA:20,0
DA:22,0
DA:24,0
DA:27,0
DA:29,0
DA:32,0
LF:7
LH:0
BRDA:19,0,0,0
BRF:1
BRH:0
end_of_record
TN:
SF:src/components/home/Login.tsx
FN:14,(anonymous_0)
FN:28,(anonymous_1)
FN:70,(anonymous_2)
FN:71,(anonymous_3)
FN:80,(anonymous_4)
FN:81,(anonymous_5)
FNF:6
FNH:0
FNDA:0,(anonymous_0)
FNDA:0,(anonymous_1)
FNDA:0,(anonymous_2)
FNDA:0,(anonymous_3)
FNDA:0,(anonymous_4)
FNDA:0,(anonymous_5)
DA:14,0
DA:18,0
DA:22,0
DA:23,0
DA:25,0
DA:26,0
DA:28,0
DA:29,0
DA:31,0
DA:32,0
DA:33,0
DA:36,0
DA:37,0
DA:39,0
DA:41,0
DA:47,0
DA:50,0
DA:52,0
DA:56,0
DA:71,0
DA:72,0
DA:81,0
DA:82,0
LF:23
LH:0
BRDA:31,0,0,0
BRDA:31,0,1,0
BRDA:31,1,0,0
BRDA:31,1,1,0
BRDA:50,2,0,0
BRDA:50,2,1,0
BRDA:72,3,0,0
BRDA:72,3,1,0
BRDA:82,4,0,0
BRDA:82,4,1,0
BRDA:101,5,0,0
BRDA:101,5,1,0
BRDA:113,6,0,0
BRDA:113,6,1,0
BRF:14
BRH:0
end_of_record
TN:
SF:src/components/home/Navbar.tsx
FN:14,(anonymous_0)
FN:55,(anonymous_1)
FN:63,(anonymous_2)
FN:72,(anonymous_3)
FN:81,(anonymous_4)
FN:92,(anonymous_5)
FN:114,(anonymous_6)
FN:117,(anonymous_7)
FN:166,(anonymous_8)
FN:169,(anonymous_9)
FN:183,(anonymous_10)
FN:193,(anonymous_11)
FNF:12
FNH:0
FNDA:0,(anonymous_0)
FNDA:0,(anonymous_1)
FNDA:0,(anonymous_2)
FNDA:0,(anonymous_3)
FNDA:0,(anonymous_4)
FNDA:0,(anonymous_5)
FNDA:0,(anonymous_6)
FNDA:0,(anonymous_7)
FNDA:0,(anonymous_8)
FNDA:0,(anonymous_9)
FNDA:0,(anonymous_10)
FNDA:0,(anonymous_11)
DA:14,0
DA:15,0
DA:55,0
DA:60,0
DA:61,0
DA:63,0
DA:64,0
DA:65,0
DA:68,0
DA:72,0
DA:73,0
DA:74,0
DA:77,0
DA:81,0
DA:82,0
DA:86,0
DA:92,0
DA:93,0
DA:94,0
DA:97,0
DA:115,0
DA:117,0
DA:167,0
DA:169,0
DA:184,0
DA:185,0
DA:194,0
DA:195,0
LF:28
LH:0
BRDA:64,0,0,0
BRDA:64,0,1,0
BRDA:73,1,0,0
BRDA:73,1,1,0
BRDA:152,2,0,0
BRDA:152,2,1,0
BRDA:161,3,0,0
BRDA:161,3,1,0
BRF:8
BRH:0
end_of_record
TN:
SF:src/components/home/NavigationProvider.tsx
FN:24,(anonymous_0)
FN:25,(anonymous_1)
FN:42,(anonymous_2)
FN:54,(anonymous_3)
FN:58,(anonymous_4)
FN:62,(anonymous_5)
FN:83,(anonymous_6)
FNF:7
FNH:0
FNDA:0,(anonymous_0)
FNDA:0,(anonymous_1)
FNDA:0,(anonymous_2)
FNDA:0,(anonymous_3)
FNDA:0,(anonymous_4)
FNDA:0,(anonymous_5)
FNDA:0,(anonymous_6)
DA:10,0
DA:24,0
DA:25,0
DA:26,0
DA:28,0
DA:30,0
DA:37,0
DA:40,0
DA:42,0
DA:43,0
DA:46,0
DA:50,0
DA:54,0
DA:55,0
DA:58,0
DA:59,0
DA:62,0
DA:63,0
DA:66,0
DA:73,0
DA:83,0
DA:84,0
DA:85,0
DA:86,0
DA:88,0
LF:25
LH:0
BRDA:28,0,0,0
BRDA:28,0,1,0
BRDA:40,1,0,0
BRDA:40,1,1,0
BRDA:40,2,0,0
BRDA:40,2,1,0
BRDA:85,3,0,0
BRDA:85,3,1,0
BRF:8
BRH:0
end_of_record
TN:
SF:src/components/home/SignUp.tsx
FN:32,(anonymous_0)
FN:46,(anonymous_1)
FN:77,(anonymous_2)
FN:100,(anonymous_3)
FN:118,(anonymous_4)
FN:129,(anonymous_5)
FN:168,(anonymous_6)
FN:180,(anonymous_7)
FN:185,(anonymous_8)
FN:190,(anonymous_9)
FN:195,(anonymous_10)
FN:197,(anonymous_11)
FN:201,(anonymous_12)
FN:227,(anonymous_13)
FN:227,(anonymous_14)
FN:233,(anonymous_15)
FN:247,(anonymous_16)
FN:247,(anonymous_17)
FN:252,(anonymous_18)
FN:264,(anonymous_19)
FN:264,(anonymous_20)
FN:273,(anonymous_21)
FN:273,(anonymous_22)
FN:285,(anonymous_23)
FN:285,(anonymous_24)
FN:317,(anonymous_25)
FN:317,(anonymous_26)
FN:322,(anonymous_27)
FN:352,(anonymous_28)
FN:356,(anonymous_29)
FN:358,(anonymous_30)
FN:363,(anonymous_31)
FN:365,(anonymous_32)
FN:377,(anonymous_33)
FN:400,(anonymous_34)
FN:400,(anonymous_35)
FN:406,(anonymous_36)
FN:406,(anonymous_37)
FN:415,(anonymous_38)
FN:415,(anonymous_39)
FN:423,(anonymous_40)
FN:423,(anonymous_41)
FN:429,(anonymous_42)
FN:429,(anonymous_43)
FN:438,(anonymous_44)
FN:438,(anonymous_45)
FN:444,(anonymous_46)
FN:444,(anonymous_47)
FNF:48
FNH:0
FNDA:0,(anonymous_0)
FNDA:0,(anonymous_1)
FNDA:0,(anonymous_2)
FNDA:0,(anonymous_3)
FNDA:0,(anonymous_4)
FNDA:0,(anonymous_5)
FNDA:0,(anonymous_6)
FNDA:0,(anonymous_7)
FNDA:0,(anonymous_8)
FNDA:0,(anonymous_9)
FNDA:0,(anonymous_10)
FNDA:0,(anonymous_11)
FNDA:0,(anonymous_12)
FNDA:0,(anonymous_13)
FNDA:0,(anonymous_14)
FNDA:0,(anonymous_15)
FNDA:0,(anonymous_16)
FNDA:0,(anonymous_17)
FNDA:0,(anonymous_18)
FNDA:0,(anonymous_19)
FNDA:0,(anonymous_20)
FNDA:0,(anonymous_21)
FNDA:0,(anonymous_22)
FNDA:0,(anonymous_23)
FNDA:0,(anonymous_24)
FNDA:0,(anonymous_25)
FNDA:0,(anonymous_26)
FNDA:0,(anonymous_27)
FNDA:0,(anonymous_28)
FNDA:0,(anonymous_29)
FNDA:0,(anonymous_30)
FNDA:0,(anonymous_31)
FNDA:0,(anonymous_32)
FNDA:0,(anonymous_33)
FNDA:0,(anonymous_34)
FNDA:0,(anonymous_35)
FNDA:0,(anonymous_36)
FNDA:0,(anonymous_37)
FNDA:0,(anonymous_38)
FNDA:0,(anonymous_39)
FNDA:0,(anonymous_40)
FNDA:0,(anonymous_41)
FNDA:0,(anonymous_42)
FNDA:0,(anonymous_43)
FNDA:0,(anonymous_44)
FNDA:0,(anonymous_45)
FNDA:0,(anonymous_46)
FNDA:0,(anonymous_47)
DA:32,0
DA:39,0
DA:40,0
DA:41,0
DA:42,0
DA:43,0
DA:46,0
DA:47,0
DA:48,0
DA:51,0
DA:55,0
DA:57,0
DA:58,0
DA:59,0
DA:64,0
DA:68,0
DA:69,0
DA:73,0
DA:77,0
DA:78,0
DA:79,0
DA:100,0
DA:102,0
DA:103,0
DA:106,0
DA:107,0
DA:110,0
DA:111,0
DA:114,0
DA:118,0
DA:119,0
DA:120,0
DA:126,0
DA:129,0
DA:130,0
DA:132,0
DA:133,0
DA:136,0
DA:137,0
DA:138,0
DA:140,0
DA:142,0
DA:163,0
DA:165,0
DA:168,0
DA:169,0
DA:173,0
DA:175,0
DA:180,0
DA:181,0
DA:185,0
DA:186,0
DA:190,0
DA:191,0
DA:195,0
DA:196,0
DA:197,0
DA:201,0
DA:202,0
DA:205,0
DA:227,0
DA:234,0
DA:247,0
DA:253,0
DA:264,0
DA:273,0
DA:285,0
DA:317,0
DA:323,0
DA:353,0
DA:357,0
DA:358,0
DA:363,0
DA:365,0
DA:378,0
DA:400,0
DA:406,0
DA:415,0
DA:423,0
DA:429,0
DA:438,0
DA:444,0
LF:82
LH:0
BRDA:47,0,0,0
BRDA:47,0,1,0
BRDA:57,1,0,0
BRDA:57,1,1,0
BRDA:68,2,0,0
BRDA:68,2,1,0
BRDA:102,3,0,0
BRDA:102,3,1,0
BRDA:106,4,0,0
BRDA:106,4,1,0
BRDA:106,5,0,0
BRDA:106,5,1,0
BRDA:110,6,0,0
BRDA:110,6,1,0
BRDA:110,7,0,0
BRDA:110,7,1,0
BRDA:119,8,0,0
BRDA:119,8,1,0
BRDA:132,9,0,0
BRDA:132,9,1,0
BRDA:149,10,0,0
BRDA:149,10,1,0
BRDA:152,11,0,0
BRDA:152,11,1,0
BRDA:153,12,0,0
BRDA:153,12,1,0
BRDA:154,13,0,0
BRDA:154,13,1,0
BRDA:155,14,0,0
BRDA:155,14,1,0
BRDA:156,15,0,0
BRDA:156,15,1,0
BRDA:157,16,0,0
BRDA:157,16,1,0
BRDA:158,17,0,0
BRDA:158,17,1,0
BRDA:173,18,0,0
BRDA:173,18,1,0
BRDA:186,19,0,0
BRDA:186,19,1,0
BRDA:225,20,0,0
BRDA:225,20,1,0
BRDA:231,21,0,0
BRDA:231,21,1,0
BRDA:245,22,0,0
BRDA:245,22,1,0
BRDA:250,23,0,0
BRDA:250,23,1,0
BRDA:298,24,0,0
BRDA:298,24,1,0
BRDA:315,25,0,0
BRDA:315,25,1,0
BRDA:320,26,0,0
BRDA:320,26,1,0
BRDA:342,27,0,0
BRDA:342,27,1,0
BRDA:357,28,0,0
BRDA:357,28,1,0
BRDA:375,29,0,0
BRDA:375,29,1,0
BRDA:399,30,0,0
BRDA:399,30,1,0
BRDA:405,31,0,0
BRDA:405,31,1,0
BRDA:437,32,0,0
BRDA:437,32,1,0
BRDA:453,33,0,0
BRDA:453,33,1,0
BRDA:460,34,0,0
BRDA:460,34,1,0
BRDA:472,35,0,0
BRDA:472,35,1,0
BRDA:474,36,0,0
BRDA:474,36,1,0
BRF:74
BRH:0
end_of_record
TN:
SF:src/components/layouts/AdminLayout.tsx
FN:18,(anonymous_0)
FNF:1
FNH:0
FNDA:0,(anonymous_0)
DA:18,0
DA:19,0
LF:2
LH:0
BRF:0
BRH:0
end_of_record
TN:
SF:src/components/layouts/AppLayout.tsx
FN:25,(anonymous_0)
FNF:1
FNH:0
FNDA:0,(anonymous_0)
DA:25,0
DA:31,0
DA:33,0
DA:42,0
LF:4
LH:0
BRDA:29,0,0,0
BRDA:31,1,0,0
BRDA:31,1,1,0
BRDA:31,2,0,0
BRDA:31,2,1,0
BRF:5
BRH:0
end_of_record
TN:
SF:src/components/layouts/HomeLayout.tsx
FN:17,(anonymous_0)
FNF:1
FNH:0
FNDA:0,(anonymous_0)
DA:17,0
DA:18,0
LF:2
LH:0
BRF:0
BRH:0
end_of_record
TN:
SF:src/components/theme/ThemeShowcase.tsx
FN:22,(anonymous_0)
FNF:1
FNH:0
FNDA:0,(anonymous_0)
DA:22,0
DA:26,0
LF:2
LH:0
BRDA:23,0,0,0
BRDA:24,1,0,0
BRDA:29,2,0,0
BRDA:29,2,1,0
BRF:4
BRH:0
end_of_record
TN:
SF:src/components/theme/ThemeToggle.tsx
FN:15,(anonymous_0)
FN:30,(anonymous_1)
FN:46,(anonymous_2)
FN:52,(anonymous_3)
FN:78,(anonymous_4)
FN:83,(anonymous_5)
FN:87,(anonymous_6)
FN:107,(anonymous_7)
FN:116,(anonymous_8)
FN:124,(anonymous_9)
FN:132,(anonymous_10)
FN:145,(anonymous_11)
FN:151,(anonymous_12)
FN:158,(anonymous_13)
FN:190,(anonymous_14)
FN:203,(anonymous_15)
FN:206,(anonymous_16)
FN:224,(anonymous_17)
FNF:18
FNH:0
FNDA:0,(anonymous_0)
FNDA:0,(anonymous_1)
FNDA:0,(anonymous_2)
FNDA:0,(anonymous_3)
FNDA:0,(anonymous_4)
FNDA:0,(anonymous_5)
FNDA:0,(anonymous_6)
FNDA:0,(anonymous_7)
FNDA:0,(anonymous_8)
FNDA:0,(anonymous_9)
FNDA:0,(anonymous_10)
FNDA:0,(anonymous_11)
FNDA:0,(anonymous_12)
FNDA:0,(anonymous_13)
FNDA:0,(anonymous_14)
FNDA:0,(anonymous_15)
FNDA:0,(anonymous_16)
FNDA:0,(anonymous_17)
DA:15,0
DA:19,0
DA:21,0
DA:30,0
DA:46,0
DA:50,0
DA:52,0
DA:53,0
DA:56,0
DA:78,0
DA:81,0
DA:83,0
DA:84,0
DA:87,0
DA:88,0
DA:91,0
DA:107,0
DA:110,0
DA:112,0
DA:116,0
DA:124,0
DA:132,0
DA:145,0
DA:149,0
DA:151,0
DA:152,0
DA:153,0
DA:155,0
DA:158,0
DA:159,0
DA:160,0
DA:161,0
DA:162,0
DA:164,0
DA:168,0
DA:190,0
DA:193,0
DA:195,0
DA:201,0
DA:204,0
DA:206,0
DA:224,0
DA:227,0
DA:229,0
LF:44
LH:0
BRDA:16,0,0,0
BRDA:17,1,0,0
BRDA:23,2,0,0
BRDA:23,2,1,0
BRDA:47,3,0,0
BRDA:48,4,0,0
BRDA:53,5,0,0
BRDA:53,5,1,0
BRDA:58,6,0,0
BRDA:58,6,1,0
BRDA:79,7,0,0
BRDA:84,8,0,0
BRDA:84,8,1,0
BRDA:88,9,0,0
BRDA:88,9,1,0
BRDA:108,10,0,0
BRDA:146,11,0,0
BRDA:147,12,0,0
BRDA:152,13,0,0
BRDA:152,13,1,0
BRDA:155,14,0,0
BRDA:155,14,1,0
BRDA:159,15,0,0
BRDA:159,15,1,0
BRDA:161,16,0,0
BRDA:161,16,1,0
BRDA:170,17,0,0
BRDA:170,17,1,0
BRDA:191,18,0,0
BRDA:208,19,0,0
BRDA:208,19,1,0
BRDA:225,20,0,0
BRDA:233,21,0,0
BRDA:233,21,1,0
BRDA:236,22,0,0
BRDA:236,22,1,0
BRF:36
BRH:0
end_of_record
TN:
SF:src/components/ui/avatar.tsx
FN:9,(anonymous_0)
FN:24,(anonymous_1)
FN:36,(anonymous_2)
FNF:3
FNH:0
FNDA:0,(anonymous_0)
FNDA:0,(anonymous_1)
FNDA:0,(anonymous_2)
DA:6,0
DA:10,0
DA:19,0
DA:21,0
DA:25,0
DA:31,0
DA:33,0
DA:37,0
DA:46,0
LF:9
LH:0
BRF:0
BRH:0
end_of_record
TN:
SF:src/components/ui/badge.tsx
FN:30,Badge
FNF:1
FNH:0
FNDA:0,Badge
DA:6,0
DA:31,0
LF:2
LH:0
BRF:0
BRH:0
end_of_record
TN:
SF:src/components/ui/button.tsx
FN:43,(anonymous_9)
FNF:1
FNH:1
FNDA:19,(anonymous_9)
DA:1,1
DA:2,1
DA:3,1
DA:5,1
DA:7,1
DA:42,1
DA:44,19
DA:45,19
DA:54,1
DA:56,1
LF:10
LH:10
BRDA:43,0,0,19
BRDA:44,1,0,0
BRDA:44,1,1,19
BRF:3
BRH:2
end_of_record
TN:
SF:src/components/ui/card.tsx
FN:8,(anonymous_0)
FN:23,(anonymous_1)
FN:35,(anonymous_2)
FN:50,(anonymous_3)
FN:62,(anonymous_4)
FN:70,(anonymous_5)
FNF:6
FNH:0
FNDA:0,(anonymous_0)
FNDA:0,(anonymous_1)
FNDA:0,(anonymous_2)
FNDA:0,(anonymous_3)
FNDA:0,(anonymous_4)
FNDA:0,(anonymous_5)
DA:5,0
DA:9,0
DA:18,0
DA:20,0
DA:24,0
DA:30,0
DA:32,0
DA:36,0
DA:45,0
DA:47,0
DA:51,0
DA:57,0
DA:59,0
DA:63,0
DA:65,0
DA:67,0
DA:71,0
DA:77,0
LF:18
LH:0
BRF:0
BRH:0
end_of_record
TN:
SF:src/components/ui/collapsible.tsx
FNF:0
FNH:0
DA:3,0
DA:5,0
DA:7,0
LF:3
LH:0
BRF:0
BRH:0
end_of_record
TN:
SF:src/components/ui/dropdown-menu.tsx
FN:24,(anonymous_0)
FN:44,(anonymous_1)
FN:60,(anonymous_2)
FN:80,(anonymous_3)
FN:96,(anonymous_4)
FN:120,(anonymous_5)
FN:144,(anonymous_6)
FN:160,(anonymous_7)
FN:169,(anonymous_8)
FNF:9
FNH:0
FNDA:0,(anonymous_0)
FNDA:0,(anonymous_1)
FNDA:0,(anonymous_2)
FNDA:0,(anonymous_3)
FNDA:0,(anonymous_4)
FNDA:0,(anonymous_5)
FNDA:0,(anonymous_6)
FNDA:0,(anonymous_7)
FNDA:0,(anonymous_8)
DA:7,0
DA:9,0
DA:11,0
DA:13,0
DA:15,0
DA:17,0
DA:19,0
DA:25,0
DA:38,0
DA:41,0
DA:45,0
DA:54,0
DA:57,0
DA:61,0
DA:73,0
DA:75,0
DA:81,0
DA:91,0
DA:93,0
DA:97,0
DA:114,0
DA:117,0
DA:121,0
DA:137,0
DA:139,0
DA:145,0
DA:155,0
DA:157,0
DA:161,0
DA:167,0
DA:169,0
DA:173,0
DA:180,0
LF:33
LH:0
BRDA:29,0,0,0
BRDA:29,0,1,0
BRDA:60,1,0,0
BRDA:85,2,0,0
BRDA:85,2,1,0
BRDA:149,3,0,0
BRDA:149,3,1,0
BRF:7
BRH:0
end_of_record
TN:
SF:src/components/ui/input.tsx
FN:6,(anonymous_0)
FNF:1
FNH:0
FNDA:0,(anonymous_0)
DA:5,0
DA:7,0
DA:20,0
LF:3
LH:0
BRF:0
BRH:0
end_of_record
TN:
SF:src/components/ui/label.tsx
FN:15,(anonymous_0)
FNF:1
FNH:0
FNDA:0,(anonymous_0)
DA:7,0
DA:11,0
DA:16,0
DA:22,0
LF:4
LH:0
BRF:0
BRH:0
end_of_record
TN:
SF:src/components/ui/navigation-menu.tsx
FN:11,(anonymous_0)
FN:29,(anonymous_1)
FN:50,(anonymous_2)
FN:68,(anonymous_3)
FN:85,(anonymous_4)
FN:103,(anonymous_5)
FNF:6
FNH:0
FNDA:0,(anonymous_0)
FNDA:0,(anonymous_1)
FNDA:0,(anonymous_2)
FNDA:0,(anonymous_3)
FNDA:0,(anonymous_4)
FNDA:0,(anonymous_5)
DA:8,0
DA:12,0
DA:24,0
DA:26,0
DA:30,0
DA:39,0
DA:41,0
DA:43,0
DA:47,0
DA:51,0
DA:63,0
DA:65,0
DA:69,0
DA:78,0
DA:80,0
DA:82,0
DA:86,0
DA:97,0
DA:100,0
DA:104,0
DA:115,0
LF:21
LH:0
BRF:0
BRH:0
end_of_record
TN:
SF:src/components/ui/popover.tsx
FN:13,(anonymous_0)
FNF:1
FNH:0
FNDA:0,(anonymous_0)
DA:6,0
DA:8,0
DA:10,0
DA:14,0
DA:27,0
LF:5
LH:0
BRDA:13,0,0,0
BRDA:13,1,0,0
BRF:2
BRH:0
end_of_record
TN:
SF:src/components/ui/resizable.tsx
FN:6,(anonymous_0)
FN:21,(anonymous_1)
FNF:2
FNH:0
FNDA:0,(anonymous_0)
FNDA:0,(anonymous_1)
DA:6,0
DA:10,0
DA:19,0
DA:21,0
DA:28,0
LF:5
LH:0
BRDA:35,0,0,0
BRDA:35,0,1,0
BRF:2
BRH:0
end_of_record
TN:
SF:src/components/ui/sheet.tsx
FN:19,(anonymous_0)
FN:57,(anonymous_1)
FN:75,(anonymous_2)
FN:89,(anonymous_3)
FN:106,(anonymous_4)
FN:118,(anonymous_5)
FNF:6
FNH:0
FNDA:0,(anonymous_0)
FNDA:0,(anonymous_1)
FNDA:0,(anonymous_2)
FNDA:0,(anonymous_3)
FNDA:0,(anonymous_4)
FNDA:0,(anonymous_5)
DA:8,0
DA:10,0
DA:12,0
DA:14,0
DA:16,0
DA:20,0
DA:29,0
DA:31,0
DA:54,0
DA:58,0
DA:73,0
DA:75,0
DA:79,0
DA:87,0
DA:89,0
DA:93,0
DA:101,0
DA:103,0
DA:107,0
DA:113,0
DA:115,0
DA:119,0
DA:125,0
LF:23
LH:0
BRDA:57,0,0,0
BRF:1
BRH:0
end_of_record
TN:
SF:src/components/ui/switch.tsx
FN:9,(anonymous_0)
FNF:1
FNH:0
FNDA:0,(anonymous_0)
DA:6,0
DA:10,0
DA:25,0
LF:3
LH:0
BRF:0
BRH:0
end_of_record
TN:
SF:src/components/ui/table.tsx
FN:8,(anonymous_0)
FN:22,(anonymous_1)
FN:30,(anonymous_2)
FN:42,(anonymous_3)
FN:57,(anonymous_4)
FN:72,(anonymous_5)
FN:87,(anonymous_6)
FN:99,(anonymous_7)
FNF:8
FNH:0
FNDA:0,(anonymous_0)
FNDA:0,(anonymous_1)
FNDA:0,(anonymous_2)
FNDA:0,(anonymous_3)
FNDA:0,(anonymous_4)
FNDA:0,(anonymous_5)
FNDA:0,(anonymous_6)
FNDA:0,(anonymous_7)
DA:5,0
DA:9,0
DA:17,0
DA:19,0
DA:23,0
DA:25,0
DA:27,0
DA:31,0
DA:37,0
DA:39,0
DA:43,0
DA:52,0
DA:54,0
DA:58,0
DA:67,0
DA:69,0
DA:73,0
DA:82,0
DA:84,0
DA:88,0
DA:94,0
DA:96,0
DA:100,0
DA:106,0
LF:24
LH:0
BRF:0
BRH:0
end_of_record
TN:
SF:src/components/ui/tabs.tsx
FN:11,(anonymous_0)
FN:26,(anonymous_1)
FN:41,(anonymous_2)
FNF:3
FNH:0
FNDA:0,(anonymous_0)
FNDA:0,(anonymous_1)
FNDA:0,(anonymous_2)
DA:6,0
DA:8,0
DA:12,0
DA:21,0
DA:23,0
DA:27,0
DA:36,0
DA:38,0
DA:42,0
DA:51,0
LF:10
LH:0
BRF:0
BRH:0
end_of_record
TN:
SF:src/components/ui/textarea.tsx
FN:8,(anonymous_0)
FNF:1
FNH:0
FNDA:0,(anonymous_0)
DA:5,0
DA:9,0
DA:20,0
LF:3
LH:0
BRF:0
BRH:0
end_of_record
TN:
SF:src/components/ui/toggle.tsx
FN:33,(anonymous_0)
FNF:1
FNH:0
FNDA:0,(anonymous_0)
DA:7,0
DA:29,0
DA:34,0
DA:41,0
LF:4
LH:0
BRF:0
BRH:0
end_of_record
TN:
SF:src/contexts/AppProviders.tsx
FN:26,(anonymous_0)
FNF:1
FNH:0
FNDA:0,(anonymous_0)
DA:26,0
DA:27,0
LF:2
LH:0
BRF:0
BRH:0
end_of_record
TN:
SF:src/contexts/AuthContext.tsx
FN:27,(anonymous_0)
FN:39,(anonymous_1)
FN:47,(anonymous_2)
FN:54,(anonymous_3)
FN:80,(anonymous_4)
FN:99,(anonymous_5)
FN:113,(anonymous_6)
FN:125,(anonymous_7)
FN:139,(anonymous_8)
FN:157,(anonymous_9)
FN:158,(anonymous_10)
FNF:11
FNH:0
FNDA:0,(anonymous_0)
FNDA:0,(anonymous_1)
FNDA:0,(anonymous_2)
FNDA:0,(anonymous_3)
FNDA:0,(anonymous_4)
FNDA:0,(anonymous_5)
FNDA:0,(anonymous_6)
FNDA:0,(anonymous_7)
FNDA:0,(anonymous_8)
FNDA:0,(anonymous_9)
FNDA:0,(anonymous_10)
DA:24,0
DA:27,0
DA:28,0
DA:29,0
DA:30,0
DA:32,0
DA:39,0
DA:40,0
DA:41,0
DA:42,0
DA:44,0
DA:47,0
DA:48,0
DA:49,0
DA:50,0
DA:54,0
DA:55,0
DA:56,0
DA:57,0
DA:58,0
DA:60,0
DA:61,0
DA:64,0
DA:66,0
DA:67,0
DA:68,0
DA:70,0
DA:71,0
DA:73,0
DA:75,0
DA:80,0
DA:81,0
DA:82,0
DA:83,0
DA:86,0
DA:87,0
DA:89,0
DA:90,0
DA:92,0
DA:94,0
DA:99,0
DA:100,0
DA:101,0
DA:103,0
DA:106,0
DA:108,0
DA:113,0
DA:114,0
DA:115,0
DA:116,0
DA:118,0
DA:119,0
DA:120,0
DA:125,0
DA:126,0
DA:127,0
DA:130,0
DA:131,0
DA:133,0
DA:134,0
DA:139,0
DA:140,0
DA:141,0
DA:144,0
DA:145,0
DA:146,0
DA:148,0
DA:149,0
DA:151,0
DA:152,0
DA:157,0
DA:158,0
DA:159,0
DA:161,0
DA:162,0
DA:163,0
DA:165,0
DA:166,0
DA:170,0
DA:173,0
DA:176,0
DA:191,0
LF:82
LH:0
BRDA:29,0,0,0
BRDA:29,0,1,0
BRDA:44,1,0,0
BRDA:44,1,1,0
BRDA:67,2,0,0
BRDA:67,2,1,0
BRDA:70,3,0,0
BRDA:70,3,1,0
BRDA:86,4,0,0
BRDA:86,4,1,0
BRDA:89,5,0,0
BRDA:89,5,1,0
BRDA:101,6,0,0
BRDA:101,6,1,0
BRDA:126,7,0,0
BRDA:126,7,1,0
BRDA:140,8,0,0
BRDA:140,8,1,0
BRDA:161,9,0,0
BRDA:161,9,1,0
BRF:20
BRH:0
end_of_record
TN:
SF:src/contexts/RouterProvider.tsx
FN:20,(anonymous_0)
FNF:1
FNH:0
FNDA:0,(anonymous_0)
DA:20,0
DA:21,0
LF:2
LH:0
BRF:0
BRH:0
end_of_record
TN:
SF:src/contexts/ThemeContext.tsx
FN:24,(anonymous_0)
FN:32,(anonymous_1)
FN:40,(anonymous_2)
FN:41,(anonymous_3)
FN:63,(anonymous_4)
FN:66,(anonymous_5)
FN:70,(anonymous_6)
FN:75,(anonymous_7)
FN:105,(anonymous_8)
FNF:9
FNH:8
FNDA:31,(anonymous_0)
FNDA:13,(anonymous_1)
FNDA:21,(anonymous_2)
FNDA:21,(anonymous_3)
FNDA:0,(anonymous_4)
FNDA:11,(anonymous_5)
FNDA:7,(anonymous_6)
FNDA:3,(anonymous_7)
FNDA:31,(anonymous_8)
DA:1,1
DA:12,1
DA:24,1
DA:28,31
DA:29,31
DA:32,31
DA:33,13
DA:34,13
DA:35,1
DA:40,31
DA:41,21
DA:44,21
DA:45,11
DA:47,10
DA:50,21
DA:53,21
DA:54,21
DA:55,21
DA:58,21
DA:61,21
DA:62,11
DA:63,11
DA:65,11
DA:66,11
DA:70,31
DA:71,7
DA:72,7
DA:75,31
DA:76,3
DA:77,1
DA:78,2
DA:79,1
DA:82,1
DA:86,31
DA:93,31
DA:105,1
DA:106,31
DA:107,31
DA:108,1
DA:110,30
DA:113,1
LF:41
LH:41
BRDA:26,0,0,14
BRDA:34,1,0,1
BRDA:34,1,1,12
BRDA:34,2,0,13
BRDA:34,2,1,2
BRDA:44,3,0,11
BRDA:44,3,1,10
BRDA:45,4,0,1
BRDA:45,4,1,10
BRDA:61,5,0,11
BRDA:61,5,1,10
BRDA:76,6,0,1
BRDA:76,6,1,2
BRDA:78,7,0,1
BRDA:78,7,1,1
BRDA:82,8,0,1
BRDA:82,8,1,0
BRDA:107,9,0,1
BRDA:107,9,1,30
BRF:19
BRH:18
end_of_record
TN:
SF:src/lib/useMediaQuery.ts
FN:7,useMediaQuery
FN:8,(anonymous_1)
FN:13,(anonymous_2)
FN:19,(anonymous_3)
FN:21,(anonymous_4)
FNF:5
FNH:0
FNDA:0,useMediaQuery
FNDA:0,(anonymous_1)
FNDA:0,(anonymous_2)
FNDA:0,(anonymous_3)
FNDA:0,(anonymous_4)
DA:8,0
DA:9,0
DA:10,0
DA:13,0
DA:14,0
DA:15,0
DA:16,0
DA:17,0
DA:19,0
DA:20,0
DA:21,0
DA:25,0
LF:12
LH:0
BRDA:9,0,0,0
BRDA:9,0,1,0
BRDA:14,1,0,0
BRDA:14,1,1,0
BRDA:16,2,0,0
BRDA:16,2,1,0
BRF:6
BRH:0
end_of_record
TN:
SF:src/lib/utils.ts
FN:4,cn
FNF:1
FNH:1
FNDA:29,cn
DA:1,2
DA:2,2
DA:4,2
DA:5,29
LF:4
LH:4
BRF:0
BRH:0
end_of_record
TN:
SF:src/pages/Admin.tsx
FN:10,(anonymous_0)
FNF:1
FNH:0
FNDA:0,(anonymous_0)
DA:10,0
DA:11,0
LF:2
LH:0
BRF:0
BRH:0
end_of_record
TN:
SF:src/pages/Dashboard.tsx
FN:7,(anonymous_0)
FNF:1
FNH:0
FNDA:0,(anonymous_0)
DA:7,0
DA:8,0
DA:10,0
LF:3
LH:0
BRDA:17,0,0,0
BRDA:17,0,1,0
BRF:2
BRH:0
end_of_record
TN:
SF:src/pages/Home.tsx
FN:17,(anonymous_0)
FNF:1
FNH:0
FNDA:0,(anonymous_0)
DA:17,0
DA:18,0
LF:2
LH:0
BRF:0
BRH:0
end_of_record
TN:
SF:src/pages/Theme.tsx
FN:7,(anonymous_0)
FNF:1
FNH:1
FNDA:7,(anonymous_0)
DA:2,1
DA:7,1
DA:8,7
DA:25,1
LF:4
LH:4
BRF:0
BRH:0
end_of_record
TN:
SF:src/router/AppRouter.tsx
FN:11,(anonymous_0)
FN:34,(anonymous_1)
FN:64,(anonymous_2)
FNF:3
FNH:0
FNDA:0,(anonymous_0)
FNDA:0,(anonymous_1)
FNDA:0,(anonymous_2)
DA:11,0
DA:12,0
DA:14,0
DA:15,0
DA:22,0
DA:23,0
DA:26,0
DA:34,0
DA:35,0
DA:37,0
DA:38,0
DA:45,0
DA:46,0
DA:51,0
DA:64,0
DA:65,0
LF:16
LH:0
BRDA:14,0,0,0
BRDA:14,0,1,0
BRDA:22,1,0,0
BRDA:22,1,1,0
BRDA:37,2,0,0
BRDA:37,2,1,0
BRDA:45,3,0,0
BRDA:45,3,1,0
BRF:8
BRH:0
end_of_record
TN:
SF:src/services/AdminService.tsx
FN:26,(anonymous_0)
FN:38,(anonymous_1)
FN:50,(anonymous_2)
FN:61,(anonymous_3)
FN:73,(anonymous_4)
FN:85,(anonymous_5)
FN:97,(anonymous_6)
FN:117,(anonymous_7)
FN:125,(anonymous_8)
FN:139,(anonymous_9)
FN:148,(anonymous_10)
FN:160,(anonymous_11)
FN:170,(anonymous_12)
FN:179,(anonymous_13)
FN:185,(anonymous_14)
FN:186,(anonymous_15)
FN:187,(anonymous_16)
FN:188,(anonymous_17)
FN:189,(anonymous_18)
FN:190,(anonymous_19)
FN:206,(anonymous_20)
FN:211,(anonymous_21)
FN:219,(anonymous_22)
FN:223,(anonymous_23)
FN:227,(anonymous_24)
FN:231,(anonymous_25)
FN:235,(anonymous_26)
FN:239,(anonymous_27)
FN:243,(anonymous_28)
FN:247,(anonymous_29)
FN:251,(anonymous_30)
FNF:31
FNH:0
FNDA:0,(anonymous_0)
FNDA:0,(anonymous_1)
FNDA:0,(anonymous_2)
FNDA:0,(anonymous_3)
FNDA:0,(anonymous_4)
FNDA:0,(anonymous_5)
FNDA:0,(anonymous_6)
FNDA:0,(anonymous_7)
FNDA:0,(anonymous_8)
FNDA:0,(anonymous_9)
FNDA:0,(anonymous_10)
FNDA:0,(anonymous_11)
FNDA:0,(anonymous_12)
FNDA:0,(anonymous_13)
FNDA:0,(anonymous_14)
FNDA:0,(anonymous_15)
FNDA:0,(anonymous_16)
FNDA:0,(anonymous_17)
FNDA:0,(anonymous_18)
FNDA:0,(anonymous_19)
FNDA:0,(anonymous_20)
FNDA:0,(anonymous_21)
FNDA:0,(anonymous_22)
FNDA:0,(anonymous_23)
FNDA:0,(anonymous_24)
FNDA:0,(anonymous_25)
FNDA:0,(anonymous_26)
FNDA:0,(anonymous_27)
FNDA:0,(anonymous_28)
FNDA:0,(anonymous_29)
FNDA:0,(anonymous_30)
DA:27,0
DA:39,0
DA:51,0
DA:62,0
DA:74,0
DA:86,0
DA:98,0
DA:103,0
DA:119,0
DA:125,0
DA:126,0
DA:127,0
DA:128,0
DA:130,0
DA:131,0
DA:132,0
DA:134,0
DA:138,0
DA:139,0
DA:140,0
DA:141,0
DA:147,0
DA:149,0
DA:150,0
DA:151,0
DA:152,0
DA:154,0
DA:160,0
DA:179,0
DA:180,0
DA:181,0
DA:183,0
DA:185,0
DA:186,0
DA:187,0
DA:188,0
DA:189,0
DA:191,0
DA:203,0
DA:204,0
DA:207,0
DA:208,0
DA:212,0
DA:213,0
DA:214,0
DA:216,0
DA:220,0
DA:224,0
DA:228,0
DA:232,0
DA:236,0
DA:240,0
DA:244,0
DA:248,0
DA:260,0
DA:265,0
LF:56
LH:0
BRDA:126,0,0,0
BRDA:126,0,1,0
BRDA:126,1,0,0
BRDA:126,1,1,0
BRDA:130,2,0,0
BRDA:130,2,1,0
BRDA:130,3,0,0
BRDA:130,3,1,0
BRDA:140,4,0,0
BRDA:140,4,1,0
BRDA:140,5,0,0
BRDA:140,5,1,0
BRDA:150,6,0,0
BRDA:150,6,1,0
BRDA:191,7,0,0
BRDA:191,7,1,0
BRDA:213,8,0,0
BRDA:213,8,1,0
BRF:18
BRH:0
end_of_record
TN:
SF:src/services/ApiService.tsx
FN:8,(anonymous_0)
FN:18,(anonymous_1)
FN:30,(anonymous_2)
FN:41,(anonymous_3)
FN:45,(anonymous_4)
FN:58,(anonymous_5)
FN:68,(anonymous_6)
FN:103,(anonymous_7)
FN:142,(anonymous_8)
FN:185,(anonymous_9)
FN:234,(anonymous_10)
FN:241,(anonymous_11)
FN:251,(anonymous_12)
FN:264,(anonymous_13)
FN:274,(anonymous_14)
FN:281,(anonymous_15)
FN:291,(anonymous_16)
FN:298,(anonymous_17)
FN:309,(anonymous_18)
FN:323,(anonymous_19)
FNF:20
FNH:0
FNDA:0,(anonymous_0)
FNDA:0,(anonymous_1)
FNDA:0,(anonymous_2)
FNDA:0,(anonymous_3)
FNDA:0,(anonymous_4)
FNDA:0,(anonymous_5)
FNDA:0,(anonymous_6)
FNDA:0,(anonymous_7)
FNDA:0,(anonymous_8)
FNDA:0,(anonymous_9)
FNDA:0,(anonymous_10)
FNDA:0,(anonymous_11)
FNDA:0,(anonymous_12)
FNDA:0,(anonymous_13)
FNDA:0,(anonymous_14)
FNDA:0,(anonymous_15)
FNDA:0,(anonymous_16)
FNDA:0,(anonymous_17)
FNDA:0,(anonymous_18)
FNDA:0,(anonymous_19)
DA:8,0
DA:9,0
DA:10,0
DA:20,0
DA:21,0
DA:23,0
DA:24,0
DA:31,0
DA:32,0
DA:35,0
DA:42,0
DA:46,0
DA:56,0
DA:60,0
DA:69,0
DA:72,0
DA:73,0
DA:76,0
DA:77,0
DA:78,0
DA:81,0
DA:84,0
DA:88,0
DA:89,0
DA:91,0
DA:95,0
DA:104,0
DA:105,0
DA:108,0
DA:112,0
DA:113,0
DA:115,0
DA:119,0
DA:123,0
DA:124,0
DA:125,0
DA:127,0
DA:131,0
DA:147,0
DA:149,0
DA:150,0
DA:152,0
DA:153,0
DA:156,0
DA:157,0
DA:163,0
DA:164,0
DA:168,0
DA:170,0
DA:171,0
DA:175,0
DA:190,0
DA:192,0
DA:193,0
DA:195,0
DA:196,0
DA:199,0
DA:200,0
DA:206,0
DA:207,0
DA:211,0
DA:213,0
DA:221,0
DA:222,0
DA:225,0
DA:235,0
DA:242,0
DA:252,0
DA:258,0
DA:265,0
DA:275,0
DA:282,0
DA:292,0
DA:299,0
DA:310,0
DA:324,0
DA:325,0
DA:327,0
DA:328,0
DA:330,0
DA:335,0
LF:81
LH:0
BRDA:31,0,0,0
BRDA:31,0,1,0
BRDA:60,1,0,0
BRDA:60,1,1,0
BRDA:76,2,0,0
BRDA:76,2,1,0
BRDA:76,3,0,0
BRDA:76,3,1,0
BRDA:76,3,2,0
BRDA:84,4,0,0
BRDA:84,4,1,0
BRDA:88,5,0,0
BRDA:88,5,1,0
BRDA:89,6,0,0
BRDA:89,6,1,0
BRDA:105,7,0,0
BRDA:105,7,1,0
BRDA:108,8,0,0
BRDA:108,8,1,0
BRDA:108,8,2,0
BRDA:108,8,3,0
BRDA:108,8,4,0
BRDA:108,8,5,0
BRDA:112,9,0,0
BRDA:112,9,1,0
BRDA:123,10,0,0
BRDA:123,10,1,0
BRDA:123,11,0,0
BRDA:123,11,1,0
BRDA:124,12,0,0
BRDA:124,12,1,0
BRDA:144,13,0,0
BRDA:152,14,0,0
BRDA:152,14,1,0
BRDA:163,15,0,0
BRDA:163,15,1,0
BRDA:170,16,0,0
BRDA:170,16,1,0
BRDA:176,17,0,0
BRDA:176,17,1,0
BRDA:187,18,0,0
BRDA:195,19,0,0
BRDA:195,19,1,0
BRDA:206,20,0,0
BRDA:206,20,1,0
BRDA:221,21,0,0
BRDA:221,21,1,0
BRDA:226,22,0,0
BRDA:226,22,1,0
BRDA:244,23,0,0
BRDA:244,23,1,0
BRDA:267,24,0,0
BRDA:267,24,1,0
BRDA:284,25,0,0
BRDA:284,25,1,0
BRDA:299,26,0,0
BRDA:299,26,1,0
BRDA:299,26,2,0
BRDA:299,26,3,0
BRDA:299,26,4,0
BRDA:310,27,0,0
BRDA:310,27,1,0
BRDA:310,27,2,0
BRDA:310,27,3,0
BRDA:310,27,4,0
BRDA:310,27,5,0
BRDA:310,27,6,0
BRDA:310,27,7,0
BRDA:324,28,0,0
BRDA:324,28,1,0
BRDA:327,29,0,0
BRDA:327,29,1,0
BRDA:327,30,0,0
BRDA:327,30,1,0
BRF:74
BRH:0
end_of_record
TN:
SF:src/services/AuthService.tsx
FN:21,(anonymous_0)
FN:30,(anonymous_1)
FN:40,(anonymous_2)
FN:49,(anonymous_3)
FN:58,(anonymous_4)
FN:73,(anonymous_5)
FN:83,(anonymous_6)
FN:93,(anonymous_7)
FN:98,(anonymous_8)
FN:107,(anonymous_9)
FN:128,(anonymous_10)
FNF:11
FNH:0
FNDA:0,(anonymous_0)
FNDA:0,(anonymous_1)
FNDA:0,(anonymous_2)
FNDA:0,(anonymous_3)
FNDA:0,(anonymous_4)
FNDA:0,(anonymous_5)
FNDA:0,(anonymous_6)
FNDA:0,(anonymous_7)
FNDA:0,(anonymous_8)
FNDA:0,(anonymous_9)
FNDA:0,(anonymous_10)
DA:22,0
DA:32,0
DA:41,0
DA:50,0
DA:59,0
DA:60,0
DA:64,0
DA:74,0
DA:84,0
DA:94,0
DA:97,0
DA:98,0
DA:108,0
DA:110,0
DA:111,0
DA:112,0
DA:113,0
DA:116,0
DA:119,0
DA:129,0
DA:130,0
DA:132,0
DA:137,0
LF:23
LH:0
BRDA:64,0,0,0
BRDA:64,0,1,0
BRDA:94,1,0,0
BRDA:94,1,1,0
BRDA:98,2,0,0
BRDA:98,2,1,0
BRDA:108,3,0,0
BRDA:108,3,1,0
BRDA:112,4,0,0
BRDA:112,4,1,0
BRDA:130,5,0,0
BRDA:130,5,1,0
BRF:12
BRH:0
end_of_record
TN:
SF:src/services/apiHelpers.ts
FN:13,handleMessageResponse
FN:24,handleApiError
FN:87,useApiErrorHandler
FN:88,(anonymous_3)
FN:103,exampleApiCall
FN:125,exampleCreateResource
FN:152,exampleCreateWithHelper
FNF:7
FNH:0
FNDA:0,handleMessageResponse
FNDA:0,handleApiError
FNDA:0,useApiErrorHandler
FNDA:0,(anonymous_3)
FNDA:0,exampleApiCall
FNDA:0,exampleCreateResource
FNDA:0,exampleCreateWithHelper
DA:14,0
DA:15,0
DA:18,0
DA:25,0
DA:26,0
DA:28,0
DA:29,0
DA:32,0
DA:34,0
DA:40,0
DA:46,0
DA:52,0
DA:58,0
DA:65,0
DA:71,0
DA:78,0
DA:88,0
DA:89,0
DA:92,0
DA:94,0
DA:97,0
DA:104,0
DA:105,0
DA:107,0
DA:108,0
DA:109,0
DA:111,0
DA:114,0
DA:117,0
DA:118,0
DA:126,0
DA:128,0
DA:137,0
DA:144,0
DA:145,0
DA:153,0
DA:154,0
DA:156,0
DA:157,0
LF:39
LH:0
BRDA:14,0,0,0
BRDA:14,0,1,0
BRDA:15,1,0,0
BRDA:15,1,1,0
BRDA:25,2,0,0
BRDA:25,2,1,0
BRDA:28,3,0,0
BRDA:28,3,1,0
BRDA:32,4,0,0
BRDA:32,4,1,0
BRDA:32,4,2,0
BRDA:32,4,3,0
BRDA:32,4,4,0
BRDA:32,4,5,0
BRDA:32,4,6,0
BRDA:32,4,7,0
BRDA:79,5,0,0
BRDA:79,5,1,0
BRDA:107,6,0,0
BRDA:107,6,1,0
BRDA:108,7,0,0
BRDA:108,7,1,0
BRDA:139,8,0,0
BRDA:139,8,1,0
BRF:24
BRH:0
end_of_record
TN:
SF:src/services/dtos/MvcDtos.ts
FN:10,(anonymous_0)
FNF:1
FNH:0
FNDA:0,(anonymous_0)
DA:10,0
DA:11,0
DA:12,0
DA:13,0
DA:14,0
DA:15,0
DA:16,0
DA:17,0
LF:8
LH:0
BRDA:10,0,0,0
BRDA:10,0,1,0
BRF:2
BRH:0
end_of_record
TN:
SF:src/services/dtos/UserDtos.ts
FNF:0
FNH:0
DA:7,0
LF:1
LH:0
BRF:0
BRH:0
end_of_record
TN:
SF:src/test/test-utils.tsx
FN:22,(anonymous_0)
FN:33,(anonymous_1)
FN:39,(anonymous_2)
FN:45,(anonymous_3)
FN:50,(anonymous_4)
FN:54,(anonymous_5)
FN:55,(anonymous_6)
FN:58,(anonymous_7)
FN:61,(anonymous_8)
FN:64,(anonymous_9)
FN:72,(anonymous_10)
FN:73,(anonymous_11)
FN:86,(anonymous_12)
FN:87,(anonymous_13)
FN:97,(anonymous_14)
FN:98,(anonymous_15)
FN:108,(anonymous_16)
FN:116,(anonymous_17)
FN:126,(anonymous_18)
FN:141,(anonymous_19)
FN:142,(anonymous_20)
FN:145,(anonymous_21)
FN:146,(anonymous_22)
FN:148,(anonymous_23)
FNF:24
FNH:0
FNDA:0,(anonymous_0)
FNDA:0,(anonymous_1)
FNDA:0,(anonymous_2)
FNDA:0,(anonymous_3)
FNDA:0,(anonymous_4)
FNDA:0,(anonymous_5)
FNDA:0,(anonymous_6)
FNDA:0,(anonymous_7)
FNDA:0,(anonymous_8)
FNDA:0,(anonymous_9)
FNDA:0,(anonymous_10)
FNDA:0,(anonymous_11)
FNDA:0,(anonymous_12)
FNDA:0,(anonymous_13)
FNDA:0,(anonymous_14)
FNDA:0,(anonymous_15)
FNDA:0,(anonymous_16)
FNDA:0,(anonymous_17)
FNDA:0,(anonymous_18)
FNDA:0,(anonymous_19)
FNDA:0,(anonymous_20)
FNDA:0,(anonymous_21)
FNDA:0,(anonymous_22)
FNDA:0,(anonymous_23)
DA:22,0
DA:23,0
DA:33,0
DA:34,0
DA:39,0
DA:40,0
DA:45,0
DA:50,0
DA:51,0
DA:53,0
DA:54,0
DA:56,0
DA:59,0
DA:62,0
DA:64,0
DA:72,0
DA:73,0
DA:86,0
DA:87,0
DA:97,0
DA:98,0
DA:108,0
DA:109,0
DA:110,0
DA:116,0
DA:126,0
DA:128,0
DA:129,0
DA:133,0
DA:134,0
DA:141,0
DA:142,0
DA:143,0
DA:145,0
DA:146,0
DA:147,0
DA:148,0
DA:151,0
DA:152,0
DA:155,0
DA:158,0
LF:41
LH:0
BRDA:54,0,0,0
BRDA:54,0,1,0
BRDA:64,1,0,0
BRDA:64,1,1,0
BRDA:72,2,0,0
BRDA:128,3,0,0
BRDA:128,3,1,0
BRDA:133,4,0,0
BRDA:133,4,1,0
BRDA:151,5,0,0
BRDA:151,5,1,0
BRF:11
BRH:0
end_of_record
TN:
SF:src/utils/addressUtils.ts
FN:22,(anonymous_0)
FN:33,(anonymous_1)
FN:38,(anonymous_2)
FN:70,(anonymous_3)
FN:71,(anonymous_4)
FN:75,(anonymous_5)
FN:87,(anonymous_6)
FN:89,(anonymous_7)
FNF:8
FNH:8
FNDA:5,(anonymous_0)
FNDA:2,(anonymous_1)
FNDA:5,(anonymous_2)
FNDA:3,(anonymous_3)
FNDA:18,(anonymous_4)
FNDA:4,(anonymous_5)
FNDA:5,(anonymous_6)
FNDA:35,(anonymous_7)
DA:11,1
DA:22,5
DA:33,2
DA:38,1
DA:39,5
DA:41,5
DA:42,2
DA:45,5
DA:46,4
DA:47,4
DA:50,5
DA:51,4
DA:54,5
DA:55,3
DA:58,5
DA:59,4
DA:62,5
DA:63,4
DA:66,5
DA:70,1
DA:71,18
DA:75,1
DA:77,4
DA:87,1
DA:88,5
DA:89,35
DA:90,5
LF:27
LH:27
BRDA:41,0,0,2
BRDA:41,0,1,3
BRDA:45,1,0,4
BRDA:45,1,1,1
BRDA:45,2,0,5
BRDA:45,2,1,2
BRDA:47,3,0,4
BRDA:47,3,1,0
BRDA:50,4,0,4
BRDA:50,4,1,1
BRDA:54,5,0,3
BRDA:54,5,1,2
BRDA:58,6,0,4
BRDA:58,6,1,1
BRDA:62,7,0,4
BRDA:62,7,1,1
BRDA:71,8,0,18
BRDA:71,8,1,6
BRDA:78,9,0,4
BRDA:78,9,1,2
BRDA:78,9,2,2
BRDA:78,9,3,1
BRDA:78,9,4,1
BRDA:89,10,0,35
BRDA:89,10,1,19
BRF:25
BRH:24
end_of_record
TN:
SF:src/utils/validation.ts
FN:31,(anonymous_0)
FN:58,(anonymous_1)
FN:108,(anonymous_2)
FN:126,(anonymous_3)
FN:152,(anonymous_4)
FN:177,(anonymous_5)
FN:195,(anonymous_6)
FN:213,(anonymous_7)
FN:240,(anonymous_8)
FN:278,(anonymous_9)
FN:282,(anonymous_10)
FNF:11
FNH:11
FNDA:10,(anonymous_0)
FNDA:14,(anonymous_1)
FNDA:7,(anonymous_2)
FNDA:13,(anonymous_3)
FNDA:8,(anonymous_4)
FNDA:7,(anonymous_5)
FNDA:7,(anonymous_6)
FNDA:4,(anonymous_7)
FNDA:4,(anonymous_8)
FNDA:2,(anonymous_9)
FNDA:16,(anonymous_10)
DA:31,1
DA:32,10
DA:34,10
DA:35,1
DA:38,9
DA:39,9
DA:40,4
DA:44,9
DA:45,1
DA:49,10
DA:58,1
DA:59,14
DA:61,14
DA:62,1
DA:63,1
DA:67,13
DA:68,2
DA:70,13
DA:71,1
DA:75,13
DA:76,1
DA:80,13
DA:81,2
DA:85,13
DA:86,2
DA:90,13
DA:91,3
DA:95,13
DA:96,1
DA:99,13
DA:108,1
DA:109,7
DA:111,7
DA:112,1
DA:113,6
DA:114,2
DA:117,7
DA:126,1
DA:127,13
DA:130,13
DA:132,11
DA:133,1
DA:137,11
DA:138,11
DA:139,6
DA:143,13
DA:152,1
DA:153,8
DA:156,8
DA:158,6
DA:159,1
DA:163,6
DA:164,2
DA:168,8
DA:177,1
DA:178,7
DA:180,7
DA:181,3
DA:182,4
DA:183,1
DA:186,7
DA:195,1
DA:196,7
DA:198,7
DA:199,2
DA:200,5
DA:201,1
DA:204,7
DA:213,1
DA:214,4
DA:217,4
DA:218,2
DA:219,2
DA:220,0
DA:224,4
DA:225,1
DA:226,3
DA:227,0
DA:230,4
DA:240,1
DA:241,4
DA:242,4
DA:243,4
DA:244,4
DA:245,4
DA:246,4
DA:247,4
DA:248,4
DA:251,4
DA:260,4
DA:278,1
DA:279,2
DA:280,2
DA:282,2
DA:283,16
DA:286,2
LF:96
LH:94
BRDA:34,0,0,1
BRDA:34,0,1,9
BRDA:39,1,0,4
BRDA:39,1,1,5
BRDA:44,2,0,1
BRDA:44,2,1,8
BRDA:61,3,0,1
BRDA:61,3,1,13
BRDA:67,4,0,2
BRDA:67,4,1,11
BRDA:70,5,0,1
BRDA:70,5,1,12
BRDA:75,6,0,1
BRDA:75,6,1,12
BRDA:80,7,0,2
BRDA:80,7,1,11
BRDA:85,8,0,2
BRDA:85,8,1,11
BRDA:90,9,0,3
BRDA:90,9,1,10
BRDA:95,10,0,1
BRDA:95,10,1,12
BRDA:111,11,0,1
BRDA:111,11,1,6
BRDA:113,12,0,2
BRDA:113,12,1,4
BRDA:130,13,0,11
BRDA:130,13,1,2
BRDA:132,14,0,1
BRDA:132,14,1,10
BRDA:138,15,0,6
BRDA:138,15,1,5
BRDA:156,16,0,6
BRDA:156,16,1,2
BRDA:158,17,0,1
BRDA:158,17,1,5
BRDA:163,18,0,2
BRDA:163,18,1,4
BRDA:180,19,0,3
BRDA:180,19,1,4
BRDA:182,20,0,1
BRDA:182,20,1,3
BRDA:198,21,0,2
BRDA:198,21,1,5
BRDA:200,22,0,1
BRDA:200,22,1,4
BRDA:217,23,0,2
BRDA:217,23,1,2
BRDA:219,24,0,0
BRDA:219,24,1,2
BRDA:224,25,0,1
BRDA:224,25,1,3
BRDA:226,26,0,0
BRDA:226,26,1,3
BRDA:251,27,0,4
BRDA:251,27,1,2
BRDA:251,27,2,2
BRDA:251,27,3,2
BRDA:251,27,4,2
BRDA:251,27,5,2
BRDA:251,27,6,2
BRDA:251,27,7,2
BRF:62
BRH:60
end_of_record
